<?xml version="1.0" encoding="UTF-8"?>
<testng-results ignored="0" total="2" passed="2" failed="0" skipped="0">
  <reporter-output>
  </reporter-output>
  <suite started-at="2023-08-31T16:04:41 IST" name="Suite" finished-at="2023-08-31T16:05:47 IST" duration-ms="66348">
    <groups>
    </groups>
    <test started-at="2023-08-31T16:04:41 IST" name="test-chrome" finished-at="2023-08-31T16:04:58 IST" duration-ms="17338">
      <class name="parallel_execution.Parallel_runner">
        <test-method signature="test(java.lang.String)[pri:0, instance:parallel_execution.Parallel_runner@20a8a64e]" started-at="2023-08-31T16:04:41 IST" name="test" finished-at="2023-08-31T16:04:58 IST" duration-ms="17265" status="PASS">
          <params>
            <param index="0">
              <value>
                <![CDATA[c]]>
              </value>
            </param>
          </params>
          <reporter-output>
          </reporter-output>
        </test-method> <!-- test -->
      </class> <!-- parallel_execution.Parallel_runner -->
    </test> <!-- test-chrome -->
    <test started-at="2023-08-31T16:04:41 IST" name="test-firefox" finished-at="2023-08-31T16:05:47 IST" duration-ms="66348">
      <class name="parallel_execution.Parallel_runner">
        <test-method signature="test(java.lang.String)[pri:0, instance:parallel_execution.Parallel_runner@2ccca26f]" started-at="2023-08-31T16:04:41 IST" name="test" finished-at="2023-08-31T16:05:47 IST" duration-ms="66278" status="PASS">
          <params>
            <param index="0">
              <value>
                <![CDATA[f]]>
              </value>
            </param>
          </params>
          <reporter-output>
          </reporter-output>
        </test-method> <!-- test -->
      </class> <!-- parallel_execution.Parallel_runner -->
    </test> <!-- test-firefox -->
  </suite> <!-- Suite -->
</testng-results>
