<?xml version="1.0" encoding="UTF-8"?>
<!-- Generated by org.testng.reporters.JUnitReportReporter -->
<testsuite hostname="DESKTOP-46H1M3T" failures="0" tests="1" name="findelements.Fetch_all_href_src" time="42.392" errors="0" timestamp="2023-08-17T14:43:09 IST" skipped="0">
  <testcase classname="findelements.Fetch_all_href_src" name="main" time="42.392">
    <system-out>
      <![CDATA[+count+
null
null
https://www.amazon.in/ref=nav_logo
null
https://www.amazon.in/customer-preferences/edit?ie=UTF8&preferencesReturnUrl=%2F&ref_=topnav_lang
https://www.amazon.in/ap/signin?openid.pape.max_auth_age=0&openid.return_to=https%3A%2F%2Fwww.amazon.in%2F%3Fref_%3Dnav_ya_signin&openid.identity=http%3A%2F%2Fspecs.openid.net%2Fauth%2F2.0%2Fidentifier_select&openid.assoc_handle=inflex&openid.mode=checkid_setup&openid.claimed_id=http%3A%2F%2Fspecs.openid.net%2Fauth%2F2.0%2Fidentifier_select&openid.ns=http%3A%2F%2Fspecs.openid.net%2Fauth%2F2.0
https://www.amazon.in/gp/css/order-history?ref_=nav_orders_first
https://www.amazon.in/gp/cart/view.html?ref_=nav_cart
https://www.amazon.in/ap/signin?openid.pape.max_auth_age=0&openid.return_to=https%3A%2F%2Fwww.amazon.in%2F%3Fref_%3Dnav_signin&openid.identity=http%3A%2F%2Fspecs.openid.net%2Fauth%2F2.0%2Fidentifier_select&openid.assoc_handle=inflex&openid.mode=checkid_setup&openid.claimed_id=http%3A%2F%2Fspecs.openid.net%2Fauth%2F2.0%2Fidentifier_select&openid.ns=http%3A%2F%2Fspecs.openid.net%2Fauth%2F2.0
https://www.amazon.in/ap/register?openid.pape.max_auth_age=0&openid.return_to=https%3A%2F%2Fwww.amazon.in%2F%3F_encoding%3DUTF8%26ref_%3Dnav_newcust&openid.identity=http%3A%2F%2Fspecs.openid.net%2Fauth%2F2.0%2Fidentifier_select&openid.assoc_handle=inflex&openid.mode=checkid_setup&openid.claimed_id=http%3A%2F%2Fspecs.openid.net%2Fauth%2F2.0%2Fidentifier_select&openid.ns=http%3A%2F%2Fspecs.openid.net%2Fauth%2F2.0
https://www.amazon.in/hz/wishlist/ls?triggerElementID=createList&ref_=nav_ListFlyout_navFlyout_createList_lv_redirect
https://www.amazon.in/wishlist/universal?ref_=nav_ListFlyout_gno_listpop_uwl
https://www.amazon.in/baby-reg/homepage?ref_=nav_ListFlyout_gno_listpop_br
https://www.amazon.in/discover/?ref_=nav_ListFlyout_sbl
https://www.amazon.in/showroom?ref_=nav_ListFlyout_srm_your_desk_wl_in
https://www.amazon.in/gp/css/homepage.html?ref_=nav_AccountFlyout_ya
https://www.amazon.in/gp/css/order-history?ref_=nav_AccountFlyout_orders
https://www.amazon.in/hz/wishlist/ls?requiresSignIn=1&ref_=nav_AccountFlyout_wl
https://www.amazon.in/gp/yourstore?ref_=nav_AccountFlyout_recs
https://www.amazon.in/hz/mobile/mission?ref_=nav_AccountFlyout_ci_mcx_mi_d_nf
https://www.amazon.in/gp/primecentral?ref_=nav_AccountFlyout_prime
https://www.amazon.in/gp/redirect.html?location=https%3A%2F%2Fwww.primevideo.com%2F%3Fref_%3D_apv&source=nav_linktree&token=13D4F90D28CD96790B94E6091246BB1B2AE9FA05
https://www.amazon.in/auto-deliveries?ref_=nav_AccountFlyout_sns
https://www.amazon.in/hz5/yourmembershipsandsubscriptions?ref_=nav_AccountFlyout_digital_subscriptions
https://www.amazon.in/b/?node=2838698031&ld=AZINSOAYAFlyout&ref_=nav_AccountFlyout_sell
https://www.amazon.in/hz/mycd/myx?pageType=content&ref_=nav_AccountFlyout_myk
https://www.amazon.in/gp/browse.html?node=21102587031&ref_=nav_ya_flyout_b2b_reg_bottom
https://www.amazon.in/ap/signin?openid.pape.max_auth_age=0&openid.return_to=https%3A%2F%2Fwww.amazon.in%2F%3Fref_%3Dnav_custrec_signin&openid.identity=http%3A%2F%2Fspecs.openid.net%2Fauth%2F2.0%2Fidentifier_select&openid.assoc_handle=inflex&openid.mode=checkid_setup&openid.claimed_id=http%3A%2F%2Fspecs.openid.net%2Fauth%2F2.0%2Fidentifier_select&openid.ns=http%3A%2F%2Fspecs.openid.net%2Fauth%2F2.0
https://www.amazon.in/ap/register?openid.pape.max_auth_age=0&openid.return_to=https%3A%2F%2Fwww.amazon.in%2F%3F_encoding%3DUTF8%26ref_%3Dnav_custrec_newcust&openid.identity=http%3A%2F%2Fspecs.openid.net%2Fauth%2F2.0%2Fidentifier_select&openid.assoc_handle=inflex&openid.mode=checkid_setup&openid.claimed_id=http%3A%2F%2Fspecs.openid.net%2Fauth%2F2.0%2Fidentifier_select&openid.ns=http%3A%2F%2Fspecs.openid.net%2Fauth%2F2.0
javascript: void(0)
https://www.amazon.in/minitv?ref_=nav_avod_desktop_topnav
https://www.amazon.in/b/32702023031?node=32702023031&ld=AZINSOANavDesktop_T3&ref_=nav_cs_sell_T3
https://www.amazon.in/gp/bestsellers/?ref_=nav_cs_bestsellers
https://www.amazon.in/deals?ref_=nav_cs_gb
https://www.amazon.in/mobile-phones/b/?ie=UTF8&node=1389401031&ref_=nav_cs_mobiles
https://www.amazon.in/gp/new-releases/?ref_=nav_cs_newreleases
https://www.amazon.in/gp/help/customer/display.html?nodeId=200507590&ref_=nav_cs_help
https://www.amazon.in/prime?ref_=nav_cs_primelink_nonmember
https://www.amazon.in/electronics/b/?ie=UTF8&node=976419031&ref_=nav_cs_electronics
https://www.amazon.in/Home-Kitchen/b/?ie=UTF8&node=976442031&ref_=nav_cs_home
https://www.amazon.in/gp/browse.html?node=6648217031&ref_=nav_cs_fashion
https://www.amazon.in/computers-and-accessories/b/?ie=UTF8&node=976392031&ref_=nav_cs_pc
https://www.amazon.in/gp/sva/dashboard?ref_=nav_cs_apay
https://www.amazon.in/gcx/-/gfhz/?ref_=nav_cs_giftfinder
https://www.amazon.in/amazon-coupons/b/?_encoding=UTF8&node=10465704031&ref_=nav_cs_coupons
https://www.amazon.in/Books/b/?ie=UTF8&node=976389031&ref_=nav_cs_books
https://www.amazon.in/beauty/b/?ie=UTF8&node=1355016031&ref_=nav_cs_beauty
https://www.amazon.in/Home-Improvement/b/?ie=UTF8&node=4286640031&ref_=nav_cs_hi
https://www.amazon.in/Toys-Games/b/?ie=UTF8&node=1350380031&ref_=nav_cs_toys
https://www.amazon.in/Sports/b/?ie=UTF8&node=1984443031&ref_=nav_cs_sports
https://www.amazon.in/Gourmet-Specialty-Foods/b/?ie=UTF8&node=2454178031&ref_=nav_cs_grocery
https://www.amazon.in/Car-Motorbike-Store/b/?ie=UTF8&node=4772060031&ref_=nav_cs_automotive
https://www.amazon.in/health-and-personal-care/b/?ie=UTF8&node=1350384031&ref_=nav_cs_hpc
https://www.amazon.in/gift-card-store/b/?ie=UTF8&node=3704982031&ref_=nav_cs_gc
https://www.amazon.in/Baby/b/?ie=UTF8&node=1571274031&ref_=nav_cs_baby
https://www.amazon.in/video-games/b/?ie=UTF8&node=976460031&ref_=nav_cs_video_games
https://www.amazon.in/Pet-Supplies/b/?ie=UTF8&node=2454181031&ref_=nav_cs_pets
https://www.amazon.in/Audible-Books-and-Originals/b/?ie=UTF8&node=17941593031&ref_=nav_cs_audible
https://www.amazon.in/b/?node=6637738031&ref_=nav_cs_amazonbasics
https://www.amazon.in/Kindle-eBooks/b/?ie=UTF8&node=1634753031&ref_=nav_cs_kindle_books
https://www.amazon.in/auto-deliveries/landing?ref_=nav_cs_sns
https://www.amazon.in/b/?_encoding=UTF8&node=56944732031&ref_=nav_swm_swm_gd&pf_rd_p=2c882b5b-152a-4b19-a642-4683a15fc4f7&pf_rd_s=nav-sitewide-msg&pf_rd_t=4201&pf_rd_i=navbar-4201&pf_rd_m=A21TJRUUN4KGV&pf_rd_r=BFDE16KN366BBRMSNFFQ
null
null
https://www.amazon.in/#
https://www.amazon.in/s/?_encoding=UTF8&i=fashion&bbn=22371749031&rh=n%3A22371749031%2Cp_36%3A-49900&qid=1686414890&rnid=1318502031&ref=sr_nr_p_36_5&pd_rd_w=VhEWL&content-id=amzn1.sym.eab33a49-2e44-4f05-832b-94d459050baf&pf_rd_p=eab33a49-2e44-4f05-832b-94d459050baf&pf_rd_r=BFDE16KN366BBRMSNFFQ&pd_rd_wg=PU85p&pd_rd_r=eacd4e69-583f-48ea-a54a-e2c3260b8f01
https://www.amazon.in/b/?_encoding=UTF8&node=37303949031&pd_rd_w=MN8c1&content-id=amzn1.sym.7ea4e1ad-9fa2-45e2-b75e-b8755056fabb&pf_rd_p=7ea4e1ad-9fa2-45e2-b75e-b8755056fabb&pf_rd_r=BFDE16KN366BBRMSNFFQ&pd_rd_wg=PU85p&pd_rd_r=eacd4e69-583f-48ea-a54a-e2c3260b8f01
https://www.amazon.in/s/?_encoding=UTF8&i=toys&bbn=1378445031&rh=n%3A1378445031%2Cp_36%3A2485524031%2Cp_n_deal_type%3A26921224031&dc=&ds=v1%3AOFaG5ANnCNfDLzP%2B0%2FioJ50wtUNNpYIt0JBzcjQp8U0&qid=1691524971&rnid=26921223031&ref=sr_nr_p_n_deal_type_2&pd_rd_w=RQN8l&content-id=amzn1.sym.6b7f84c2-9b7b-4b87-a87d-32a87f5afb76&pf_rd_p=6b7f84c2-9b7b-4b87-a87d-32a87f5afb76&pf_rd_r=BFDE16KN366BBRMSNFFQ&pd_rd_wg=PU85p&pd_rd_r=eacd4e69-583f-48ea-a54a-e2c3260b8f01
https://www.amazon.in/s/?_encoding=UTF8&i=fashion&bbn=4091091031&rh=n%3A4091091031%2Cp_85%3A10440599031%2Cp_36%3A-24900%2Cp_72%3A1318476031%2Cp_n_feature_nineteen_browse-bin%3A11301357031%7C14852585031%7C27064186031%2Cp_89%3AAarika%7CAllen%20Solly%7CBIBA%7CBODYCARE%7CBon%20Organik%7CCHERRY%20CRUMBLE%7CCherry%20Crumble%20California%7CCloth%20Theory%7CGini%20%26%20Jony%7CHopscotch%7CKidsville%7CMINI%20KLUB%7CMax%7CMothercare%7CNaughty%20Ninos%7CT2F%7Cglobal%20desi%2Cp_n_is_cod_eligible%3A4931671031&s=relevanceblender&hidden-keywords=-bow-sock-head-hair-cap-belt-metal-eye-glass-bow-tie-knot-vest-decoration-mitten-sweatshirt-boxer-inner-jockey&pd_rd_w=ezbyC&content-id=amzn1.sym.edaf9b73-fda5-44ff-b8b6-eed491c4e43b&pf_rd_p=edaf9b73-fda5-44ff-b8b6-eed491c4e43b&pf_rd_r=BFDE16KN366BBRMSNFFQ&pd_rd_wg=PU85p&pd_rd_r=eacd4e69-583f-48ea-a54a-e2c3260b8f01
https://www.amazon.in/b/?_encoding=UTF8&ie=UTF8&node=21712303031&pd_rd_w=reJjY&content-id=amzn1.sym.f7d7a69a-3976-4630-8070-d8aba877c7d9&pf_rd_p=f7d7a69a-3976-4630-8070-d8aba877c7d9&pf_rd_r=BFDE16KN366BBRMSNFFQ&pd_rd_wg=PU85p&pd_rd_r=eacd4e69-583f-48ea-a54a-e2c3260b8f01
https://www.amazon.in/s/?_encoding=UTF8&i=hpc&bbn=13165724031&rh=n%3A13165724031%2Cp_85%3A10440599031%2Cp_72%3A1318477031&dc=&qid=1692188386&rnid=1318475031&ref=sr_nr_p_72_2&ds=v1%3AMXfx2vh8hw%2Bgss3xkx%2FV3mbBLjm8QvOYuJsEXT4aGwA&pd_rd_w=Dk06S&content-id=amzn1.sym.84cedc1c-d267-4b27-8f6c-302feb1d35b4&pf_rd_p=84cedc1c-d267-4b27-8f6c-302feb1d35b4&pf_rd_r=BFDE16KN366BBRMSNFFQ&pd_rd_wg=PU85p&pd_rd_r=eacd4e69-583f-48ea-a54a-e2c3260b8f01
https://www.amazon.in/s/?_encoding=UTF8&hidden-keywords=B0BF57RN3K%20%7C%20B0B3RRWSF6%20%7C%20B0BP18W8TM%20%7C%20B0B854R7NS%20%7C%20B09YV4MW2T%20%7C%20B0B5LVS732%20%7C%20B0BRKXXPZ7%20%7C%20B0B3N7LR6K%20%7C%20B09YV4RG4D%20%7C%20B0B3MWYCHQ%20%7C%20B09NVPSCQT%20%7C%20B0BZVGHPCJ%20%7C%20B0BVW2ZVT5%20%7C%20B0BP1GCCK2%20%7C%20B0BWTRJ5MQ%20%7C%20B0BRN5HLXW%20%7C%20B0B5LW5DFQ%20%7C%20B09ZQK9X8G%20%7C%20B0BF54LXW6%20%7C%20B09YV3K34W%20%7C%20B0BF4YBLPX%20%7C%20B0BRPWMVC7%20%7C%20B0BRQFF4HN%20%7C%20B0BP18QB9L%20%7C%20B0BVVWXMB3%20%7C%20B0972BQ2RS%20%7C%20B0B3MZHZS2%20%7C%20B0BF563HB4%20%7C%20B0BJ72WZQ7%20%7C%20B0BRQ1NLLS%20%7C%20B0B6BMWKDP%20%7C%20B0B5LSDT8W%20%7C%20B0BF5C343N%20%7C%20B0BRPWY4GM%20%7C%20B0BRPX1MRG%20%7C%20B09P18XVW6%20%7C%20B0B852Z6GY%20%7C%20B0BRPWSXQZ%20%7C%20B09PLFJ7ZW%20%7C%20B0B3RSDSZ3%20%7C%20B0BVVYXZ1G%20%7C%20B0BVVZCTTQ%20%7C%20B0BR2MCMSY%20%7C%20B0BP1HKG33%20%7C%20B0BDYNRCRC%20%7C%20B0BF54972T%20%7C%20B098T329K3%20%7C%20B0B85414K1%20%7C%20B0BNXDPZD5%20%7C%20B0BRN7HRFW%20%7C%20B0BP1FSCB7%20%7C%20B0BMQL7BVS%20%7C%20B0B3MYPX74%20%7C%20B0BMQMWDZJ%20%7C%20B09YV4DC29%20%7C%20B0BRN59BNQ%20%7C%20B0BP1PH6T4%20%7C%20B0BRMY7DQ9%20%7C%20B09ZL5NR68%20%7C%20B0BRN56N8H%20%7C%20B09YV575RK%20%7C%20B0B2Q1W9WP%20%7C%20B09YV5HHDB%20%7C%20B09RKJRCFM%20%7C%20B09RKD1JD1%20%7C%20B09P1765VX%20%7C%20B0B855X6W2%20%7C%20B09WB54TH4%20%7C%20B0BF4WVPFD%20%7C%20B0BY2C9SD7%20%7C%20B0BRN6P1TV%20%7C%20B0B3N932ZM%20%7C%20B0B3MXZL6Z%20%7C%20B0BRN6BFZF%20%7C%20B0BRPZBZ66%20%7C%20B0BRPWMW4D%20%7C%20B0B853MRMY%20%7C%20B0BP1PN7DX%20%7C%20B093HCLPJ5%20%7C%20B0BRQ1LC8B%20%7C%20B0BRMXW21H%20%7C%20B0B3RS9DNF%20%7C%20B0BRQFWJ35%20%7C%20B094QXS8NJ%20%7C%20B0B3MYTGZD%20%7C%20B0BP18VPT7%20%7C%20B0B3NB9Y3S%20%7C%20B0B2X35B1K%20%7C%20B0BRVRDXG4%20%7C%20B09PRH4H93%20%7C%20B09PNKXSKF%20%7C%20B0BRMYRG6M%20%7C%20B0BRQ12TF1%20%7C%20B0BRPZPKJG%20%7C%20B0BRPZ57WV%20%7C%20B09HZK7ZLH%20%7C%20B0B3NDPCS9%20%7C%20B0BDGMPPH9%20%7C%20B09HHB691Z%20%7C%20B09Q3T87VH%20%7C%20B0BNXFDTZ2%20%7C%20B0BRQFNHQS%20%7C%20B09YV2957W%20%7C%20B0BJ6QYRK8%20%7C%20B0BRKZG4W7%20%7C%20B0BF58NVGM%20%7C%20B0BRQF411D%20%7C%20B0B5LWP12T%20%7C%20B0BRQ21JHZ%20%7C%20B09727J4SQ%20%7C%20B09Q3SHYJ6%20%7C%20B0B53QFZPY%20%7C%20B0BJ6P3K4Y%20%7C%20B09K7SKYY3%20%7C%20B0B59XYKJT%20%7C%20B0BN1ZCCVN%20%7C%20B0BDGLF9HX%20%7C%20B0BP1RN9XR%20%7C%20B0BY2DGB71%20%7C%20B09Q46LYPM%20%7C%20B09YV414XP%20%7C%20B094R1M7VM%20%7C%20B0B3N6V4X4%20%7C%20B0BRVRG946%20%7C%20B0BP1MLLYS%20%7C%20B09YV463SW%20%7C%20B09ZKY62H1%20%7C%20B0BMQN52CW%20%7C%20B0B3N6FXRN%20%7C%20B0BRMWKZZN%20%7C%20B0BDYNXP8L%20%7C%20B0BF5Q75LJ%20%7C%20B097R25DP7%20%7C%20B09YV1WVBW%20%7C%20B0BJ73KHKJ%20%7C%20B0BRPYY1FP%20%7C%20B09728JN7L%20%7C%20B09NVPDLNV%20%7C%20B0BMQMQTPW%20%7C%20B09LCRMJW1%20%7C%20B09NC2TY11%20%7C%20B09728Q829%20%7C%20B0BXSP5BYN%20%7C%20B09NM8LBP2%20%7C%20B0BVW1VW1V%20%7C%20B09NBZJ8NJ%20%7C%20B09Q4K5C7P%20%7C%20B0B7JPTMNX%20%7C%20B09RKCM1J3%20%7C%20B09728QFXY%20%7C%20B09GFPSZGV%20%7C%20B09YV3F8RS%20%7C%20B097F6QT8Z%20%7C%20B0BY2BXYW9%20%7C%20B0BY2C9N11%20%7C%20B0BMQMMDW1%20%7C%20B0BF4WNC4R%20%7C%20B09TTJZG1F%20%7C%20B09TTKHGM7%20%7C%20B0BDGHKP3T%20%7C%20B0B6BLTGTT%20%7C%20B0BF4WLLFQ%20%7C%20B09GFRF1BX%20%7C%20B09BNXQ6BR%20%7C%20B0BXSVKKDR%20%7C%20B0BXSQWF7X%20%7C%20B0BJ6ZWPX5%20%7C%20B0BDZFXDKJ%20%7C%20B0BDGKV5L8%20%7C%20B0BDHCPGN5%20%7C%20B0BJ73NWMC%20%7C%20B0B5LT655H%20%7C%20B0BRVQZ9QK%20%7C%20B0BRPZLPCH%20%7C%20B09Y1LBYKY%20%7C%20B097R2JBDF%20%7C%20B0B46DZ376%20%7C%20B09ZQLGRW3%20%7C%20B0BF5C6SY9%20%7C%20B0BR2MH438%20%7C%20B0BDGMJM6B%20%7C%20B0BF5CX7XF%20%7C%20B0BDZGBTQX%20%7C%20B0BP18NCLQ%20%7C%20B0BVW734MK%20%7C%20B0BF4V72TX%20%7C%20B0B2JSPSQM%20%7C%20B09PRGXJJF%20%7C%20B0BVW4MP8Q%20%7C%20B09ZKY327P%20%7C%20B09ZKV1KKW%20%7C%20B0B2PZ448K%20%7C%20B0BDGNC36P%20%7C%20B0B46D1C65%20%7C%20B09NC1FX43%20%7C%20B0BDGQNYPR%20%7C%20B0BDYR2LP5%20%7C%20B0B5N66FGB%20%7C%20B09Y1LJX1G%20%7C%20B0B3N4KCPZ%20%7C%20B0BVW4LGW8%20%7C%20B09NVPJ3P4%20%7C%20B0B42R4B3L%20%7C%20B0BQ6MSKXT%20%7C%20B0BP1N77VY%20%7C%20B09NVP6HXY%20%7C%20B0BQ6P1BJZ%20%7C%20B09Q3QM3Y8%20%7C%20B09Q3RB4RB%20%7C%20B0BTMMN81R%20%7C%20B0B2JQKBC8%20%7C%20B09Q4MRW85%20%7C%20B0B46FKMQ3%20%7C%20B0BTMLFWW7%20%7C%20B0BR2N6F36%20%7C%20B09RMPKBDC%20%7C%20B0BTMM4HJK%20%7C%20B0BVW4KWKJ%20%7C%20B0BKLK2RL2%20%7C%20B0B8ZLR1Z3%20%7C%20B0BMQLY63N%20%7C%20B09WB6TXBS%20%7C%20B0BTMLCN7P%20%7C%20B097R3CN3Y%20%7C%20B0B56WM84H%20%7C%20B09NM8S1V4%20%7C%20B0BR2MNG31%20%7C%20B0B56YNX15%20%7C%20B0B2JT5RJ1%20%7C%20B0BTMM7CGQ%20%7C%20B0BNXDTNCK%20%7C%20B0BTMK6KMP%20%7C%20B0BQ3MHN6V%20%7C%20B0BQ3QNF1Z%20%7C%20B0BQ3PTBXS%20%7C%20B0BDGMY85X%20%7C%20B097F657N2%20%7C%20B0BTMKWLCF%20%7C%20B09ZKYCDXL%20%7C%20B0BQ6KVKF7%20%7C%20B0BRL1BWLZ%20%7C%20B0B3RF8DQP%20%7C%20B099DSJNVW%20%7C%20B0BJ74PQK6%20%7C%20B09SFZC4R7%20%7C%20B09Q3P6YL4%20%7C%20B0B3RD3PFZ%20%7C%20B09SFYT1Z2%20%7C%20B0BPHVB531%20%7C%20B0BMVT1R78%20%7C%20B0BDYTJM1M%20%7C%20B0BQ6QXPH4&dc=&ref=nb_sb_noss&pd_rd_w=z6Gv5&content-id=amzn1.sym.7773f2a0-60c4-4101-ba4a-cb413656da95&pf_rd_p=7773f2a0-60c4-4101-ba4a-cb413656da95&pf_rd_r=BFDE16KN366BBRMSNFFQ&pd_rd_wg=PU85p&pd_rd_r=eacd4e69-583f-48ea-a54a-e2c3260b8f01
https://www.amazon.in/b/?_encoding=UTF8&node=1389401031&ref_=hero1_WLDUber&pd_rd_w=DF0cY&content-id=amzn1.sym.2c726959-849d-478e-9bf3-672839521ed7&pf_rd_p=2c726959-849d-478e-9bf3-672839521ed7&pf_rd_r=BFDE16KN366BBRMSNFFQ&pd_rd_wg=PU85p&pd_rd_r=eacd4e69-583f-48ea-a54a-e2c3260b8f01
https://www.amazon.in/#
https://www.amazon.in/b/?_encoding=UTF8&node=26297682031&pd_rd_w=r0Gaf&content-id=amzn1.sym.1eadb2e5-0143-4c80-b547-96ad6cd545bc&pf_rd_p=1eadb2e5-0143-4c80-b547-96ad6cd545bc&pf_rd_r=BFDE16KN366BBRMSNFFQ&pd_rd_wg=2enWN&pd_rd_r=c17617d7-4c38-48c4-8882-05119c6c5bb1&ref_=pd_gw_unk
https://www.amazon.in/s/ref=mega_sv_s23_2_1_1_1/?_encoding=UTF8&rh=i%3Aapparel%2Cn%3A1968024031&ie=UTF8&lo=apparel&pd_rd_w=qVkFI&content-id=amzn1.sym.345f52f3-c03e-42b6-be55-7d92087957ba&pf_rd_p=345f52f3-c03e-42b6-be55-7d92087957ba&pf_rd_r=BFDE16KN366BBRMSNFFQ&pd_rd_wg=2enWN&pd_rd_r=c17617d7-4c38-48c4-8882-05119c6c5bb1&ref_=pd_gw_unk
https://www.amazon.in/b/?_encoding=UTF8&node=1983518031&pd_rd_w=qVkFI&content-id=amzn1.sym.345f52f3-c03e-42b6-be55-7d92087957ba&pf_rd_p=345f52f3-c03e-42b6-be55-7d92087957ba&pf_rd_r=BFDE16KN366BBRMSNFFQ&pd_rd_wg=2enWN&pd_rd_r=c17617d7-4c38-48c4-8882-05119c6c5bb1&ref_=pd_gw_unk
https://www.amazon.in/b/?_encoding=UTF8&node=2563504031&pd_rd_w=qVkFI&content-id=amzn1.sym.345f52f3-c03e-42b6-be55-7d92087957ba&pf_rd_p=345f52f3-c03e-42b6-be55-7d92087957ba&pf_rd_r=BFDE16KN366BBRMSNFFQ&pd_rd_wg=2enWN&pd_rd_r=c17617d7-4c38-48c4-8882-05119c6c5bb1&ref_=pd_gw_unk
https://www.amazon.in/b/?_encoding=UTF8&node=2454169031&pd_rd_w=qVkFI&content-id=amzn1.sym.345f52f3-c03e-42b6-be55-7d92087957ba&pf_rd_p=345f52f3-c03e-42b6-be55-7d92087957ba&pf_rd_r=BFDE16KN366BBRMSNFFQ&pd_rd_wg=2enWN&pd_rd_r=c17617d7-4c38-48c4-8882-05119c6c5bb1&ref_=pd_gw_unk
https://www.amazon.in/b/ref=sl_gw_feb20/?_encoding=UTF8&node=6648217031&pd_rd_w=qVkFI&content-id=amzn1.sym.345f52f3-c03e-42b6-be55-7d92087957ba&pf_rd_p=345f52f3-c03e-42b6-be55-7d92087957ba&pf_rd_r=BFDE16KN366BBRMSNFFQ&pd_rd_wg=2enWN&pd_rd_r=c17617d7-4c38-48c4-8882-05119c6c5bb1&ref_=pd_gw_unk
https://www.amazon.in/b/?_encoding=UTF8&node=1380442031&pd_rd_w=IN3nO&content-id=amzn1.sym.d70da51d-dbd7-4a1a-ae4f-178dc67a0196&pf_rd_p=d70da51d-dbd7-4a1a-ae4f-178dc67a0196&pf_rd_r=BFDE16KN366BBRMSNFFQ&pd_rd_wg=2enWN&pd_rd_r=c17617d7-4c38-48c4-8882-05119c6c5bb1&ref_=pd_gw_unk
https://www.amazon.in/b/?_encoding=UTF8&node=1380374031&pd_rd_w=IN3nO&content-id=amzn1.sym.d70da51d-dbd7-4a1a-ae4f-178dc67a0196&pf_rd_p=d70da51d-dbd7-4a1a-ae4f-178dc67a0196&pf_rd_r=BFDE16KN366BBRMSNFFQ&pd_rd_wg=2enWN&pd_rd_r=c17617d7-4c38-48c4-8882-05119c6c5bb1&ref_=pd_gw_unk
https://www.amazon.in/b/?_encoding=UTF8&node=1380510031&pd_rd_w=IN3nO&content-id=amzn1.sym.d70da51d-dbd7-4a1a-ae4f-178dc67a0196&pf_rd_p=d70da51d-dbd7-4a1a-ae4f-178dc67a0196&pf_rd_r=BFDE16KN366BBRMSNFFQ&pd_rd_wg=2enWN&pd_rd_r=c17617d7-4c38-48c4-8882-05119c6c5bb1&ref_=pd_gw_unk
https://www.amazon.in/b/?_encoding=UTF8&node=1380485031&pd_rd_w=IN3nO&content-id=amzn1.sym.d70da51d-dbd7-4a1a-ae4f-178dc67a0196&pf_rd_p=d70da51d-dbd7-4a1a-ae4f-178dc67a0196&pf_rd_r=BFDE16KN366BBRMSNFFQ&pd_rd_wg=2enWN&pd_rd_r=c17617d7-4c38-48c4-8882-05119c6c5bb1&ref_=pd_gw_unk
https://www.amazon.in/b/?_encoding=UTF8&node=12414705031&pd_rd_w=IN3nO&content-id=amzn1.sym.d70da51d-dbd7-4a1a-ae4f-178dc67a0196&pf_rd_p=d70da51d-dbd7-4a1a-ae4f-178dc67a0196&pf_rd_r=BFDE16KN366BBRMSNFFQ&pd_rd_wg=2enWN&pd_rd_r=c17617d7-4c38-48c4-8882-05119c6c5bb1&ref_=pd_gw_unk
https://www.amazon.in/s/?_encoding=UTF8&k=cleaning%20supplies&rh=n%3A3704992031%2Cp_n_pct-off-with-tax%3A2665399031&pd_rd_w=F5rXw&content-id=amzn1.sym.78c7d8b0-3770-4c57-b554-6c7dead92b03&pf_rd_p=78c7d8b0-3770-4c57-b554-6c7dead92b03&pf_rd_r=BFDE16KN366BBRMSNFFQ&pd_rd_wg=2enWN&pd_rd_r=c17617d7-4c38-48c4-8882-05119c6c5bb1&ref_=pd_gw_unk
https://www.amazon.in/s/?_encoding=UTF8&k=bathroom%20hardware%20and%20accessories&rh=n%3A3704992031%2Cp_n_pct-off-with-tax%3A2665399031&pd_rd_w=F5rXw&content-id=amzn1.sym.78c7d8b0-3770-4c57-b554-6c7dead92b03&pf_rd_p=78c7d8b0-3770-4c57-b554-6c7dead92b03&pf_rd_r=BFDE16KN366BBRMSNFFQ&pd_rd_wg=2enWN&pd_rd_r=c17617d7-4c38-48c4-8882-05119c6c5bb1&ref_=pd_gw_unk
https://www.amazon.in/s/?_encoding=UTF8&k=hand%20tools&rh=n%3A3704992031%2Cp_n_pct-off-with-tax%3A2665399031&pd_rd_w=F5rXw&content-id=amzn1.sym.78c7d8b0-3770-4c57-b554-6c7dead92b03&pf_rd_p=78c7d8b0-3770-4c57-b554-6c7dead92b03&pf_rd_r=BFDE16KN366BBRMSNFFQ&pd_rd_wg=2enWN&pd_rd_r=c17617d7-4c38-48c4-8882-05119c6c5bb1&ref_=pd_gw_unk
https://www.amazon.in/s/?_encoding=UTF8&k=electricals&rh=n%3A3704992031%2Cp_72%3A1318477031%2Cp_n_pct-off-with-tax%3A2665399031&pd_rd_w=F5rXw&content-id=amzn1.sym.78c7d8b0-3770-4c57-b554-6c7dead92b03&pf_rd_p=78c7d8b0-3770-4c57-b554-6c7dead92b03&pf_rd_r=BFDE16KN366BBRMSNFFQ&pd_rd_wg=2enWN&pd_rd_r=c17617d7-4c38-48c4-8882-05119c6c5bb1&ref_=pd_gw_unk
https://www.amazon.in/b/?_encoding=UTF8&node=4286640031&pd_rd_w=F5rXw&content-id=amzn1.sym.78c7d8b0-3770-4c57-b554-6c7dead92b03&pf_rd_p=78c7d8b0-3770-4c57-b554-6c7dead92b03&pf_rd_r=BFDE16KN366BBRMSNFFQ&pd_rd_wg=2enWN&pd_rd_r=c17617d7-4c38-48c4-8882-05119c6c5bb1&ref_=pd_gw_unk
https://www.amazon.in/s/?_encoding=UTF8&bbn=81107432031&rh=n%3A81107432031%2Cp_85%3A10440599031&pd_rd_w=t7FBL&content-id=amzn1.sym.1c82c58f-ba94-4c7f-addd-8abb3f123860&pf_rd_p=1c82c58f-ba94-4c7f-addd-8abb3f123860&pf_rd_r=BFDE16KN366BBRMSNFFQ&pd_rd_wg=2enWN&pd_rd_r=c17617d7-4c38-48c4-8882-05119c6c5bb1&ref_=pd_gw_unk
https://www.amazon.in/s/?_encoding=UTF8&bbn=81107433031&rh=n%3A81107433031%2Cp_85%3A10440599031&pd_rd_w=t7FBL&content-id=amzn1.sym.1c82c58f-ba94-4c7f-addd-8abb3f123860&pf_rd_p=1c82c58f-ba94-4c7f-addd-8abb3f123860&pf_rd_r=BFDE16KN366BBRMSNFFQ&pd_rd_wg=2enWN&pd_rd_r=c17617d7-4c38-48c4-8882-05119c6c5bb1&ref_=pd_gw_unk
https://www.amazon.in/s/?_encoding=UTF8&bbn=84514739031&rh=n%3A84514739031%2Cp_85%3A10440599031&pd_rd_w=t7FBL&content-id=amzn1.sym.1c82c58f-ba94-4c7f-addd-8abb3f123860&pf_rd_p=1c82c58f-ba94-4c7f-addd-8abb3f123860&pf_rd_r=BFDE16KN366BBRMSNFFQ&pd_rd_wg=2enWN&pd_rd_r=c17617d7-4c38-48c4-8882-05119c6c5bb1&ref_=pd_gw_unk
https://www.amazon.in/s/?_encoding=UTF8&bbn=84514752031&rh=n%3A84514752031%2Cp_85%3A10440599031&pd_rd_w=t7FBL&content-id=amzn1.sym.1c82c58f-ba94-4c7f-addd-8abb3f123860&pf_rd_p=1c82c58f-ba94-4c7f-addd-8abb3f123860&pf_rd_r=BFDE16KN366BBRMSNFFQ&pd_rd_wg=2enWN&pd_rd_r=c17617d7-4c38-48c4-8882-05119c6c5bb1&ref_=pd_gw_unk
https://www.amazon.in/s/?_encoding=UTF8&bbn=84514735031&rh=n%3A84514735031%2Cp_85%3A10440599031&pd_rd_w=t7FBL&content-id=amzn1.sym.1c82c58f-ba94-4c7f-addd-8abb3f123860&pf_rd_p=1c82c58f-ba94-4c7f-addd-8abb3f123860&pf_rd_r=BFDE16KN366BBRMSNFFQ&pd_rd_wg=2enWN&pd_rd_r=c17617d7-4c38-48c4-8882-05119c6c5bb1&ref_=pd_gw_unk
https://www.amazon.in/s/?_encoding=UTF8&i=apparel&bbn=29945467031&rh=n%3A1571271031%2Cn%3A1953602031%2Cn%3A11400137031%2Cn%3A29945467031%2Cp_n_specials_match%3A21618256031%2Cp_85%3A10440599031%2Cp_n_feature_nineteen_browse-bin%3A11301357031&s=apparel&dc=&ds=v1%3A%2BhVZPdaILyY6IoUQroogq80u3hsE0%2FFUKKfM3PNzT2c&qid=1668003576&rnid=11301356031&ref=sr_nr_p_n_feature_nineteen_browse-bin_1&pd_rd_w=6jmxR&content-id=amzn1.sym.1a42a69c-5c7d-4323-bc24-d6b69ffb3393&pf_rd_p=1a42a69c-5c7d-4323-bc24-d6b69ffb3393&pf_rd_r=BFDE16KN366BBRMSNFFQ&pd_rd_wg=2enWN&pd_rd_r=c17617d7-4c38-48c4-8882-05119c6c5bb1&ref_=pd_gw_unk
https://www.amazon.in/b/ref=women&handbag/?_encoding=UTF8&node=29802312031&pd_rd_w=6jmxR&content-id=amzn1.sym.1a42a69c-5c7d-4323-bc24-d6b69ffb3393&pf_rd_p=1a42a69c-5c7d-4323-bc24-d6b69ffb3393&pf_rd_r=BFDE16KN366BBRMSNFFQ&pd_rd_wg=2enWN&pd_rd_r=c17617d7-4c38-48c4-8882-05119c6c5bb1&ref_=pd_gw_unk
https://www.amazon.in/s/ref=mega_sv_s23_1_3_1_1/?_encoding=UTF8&rh=i%3Awatches%2Cn%3A2563505031&ie=UTF8&lo=watches&pd_rd_w=6jmxR&content-id=amzn1.sym.1a42a69c-5c7d-4323-bc24-d6b69ffb3393&pf_rd_p=1a42a69c-5c7d-4323-bc24-d6b69ffb3393&pf_rd_r=BFDE16KN366BBRMSNFFQ&pd_rd_wg=2enWN&pd_rd_r=c17617d7-4c38-48c4-8882-05119c6c5bb1&ref_=pd_gw_unk
https://www.amazon.in/ref=fj/b/?_encoding=UTF8&node=5210079031&pd_rd_w=6jmxR&content-id=amzn1.sym.1a42a69c-5c7d-4323-bc24-d6b69ffb3393&pf_rd_p=1a42a69c-5c7d-4323-bc24-d6b69ffb3393&pf_rd_r=BFDE16KN366BBRMSNFFQ&pd_rd_wg=2enWN&pd_rd_r=c17617d7-4c38-48c4-8882-05119c6c5bb1&ref_=pd_gw_unk
https://www.amazon.in/b/ref=sl_gw_feb20/?_encoding=UTF8&node=6648217031&pd_rd_w=6jmxR&content-id=amzn1.sym.1a42a69c-5c7d-4323-bc24-d6b69ffb3393&pf_rd_p=1a42a69c-5c7d-4323-bc24-d6b69ffb3393&pf_rd_r=BFDE16KN366BBRMSNFFQ&pd_rd_wg=2enWN&pd_rd_r=c17617d7-4c38-48c4-8882-05119c6c5bb1&ref_=pd_gw_unk
https://www.amazon.in/l/18049712031/?_encoding=UTF8&ref_=GWCCstore&pd_rd_w=ItvXi&content-id=amzn1.sym.8652241e-b1fe-49da-ae56-8e5c100ac854&pf_rd_p=8652241e-b1fe-49da-ae56-8e5c100ac854&pf_rd_r=BFDE16KN366BBRMSNFFQ&pd_rd_wg=2enWN&pd_rd_r=c17617d7-4c38-48c4-8882-05119c6c5bb1
https://www.amazon.in/b/?_encoding=UTF8&ie=UTF8&node=5257472031&pd_rd_w=hVYG7&content-id=amzn1.sym.9ff36f11-82d6-4600-a8fb-e52bb32e171c&pf_rd_p=9ff36f11-82d6-4600-a8fb-e52bb32e171c&pf_rd_r=BFDE16KN366BBRMSNFFQ&pd_rd_wg=2enWN&pd_rd_r=c17617d7-4c38-48c4-8882-05119c6c5bb1&ref_=pd_gw_unk
https://www.amazon.in/b/?_encoding=UTF8&ie=UTF8&node=5257496031&pd_rd_w=hVYG7&content-id=amzn1.sym.9ff36f11-82d6-4600-a8fb-e52bb32e171c&pf_rd_p=9ff36f11-82d6-4600-a8fb-e52bb32e171c&pf_rd_r=BFDE16KN366BBRMSNFFQ&pd_rd_wg=2enWN&pd_rd_r=c17617d7-4c38-48c4-8882-05119c6c5bb1&ref_=pd_gw_unk
https://www.amazon.in/b/?_encoding=UTF8&ie=UTF8&node=5258045031&pd_rd_w=hVYG7&content-id=amzn1.sym.9ff36f11-82d6-4600-a8fb-e52bb32e171c&pf_rd_p=9ff36f11-82d6-4600-a8fb-e52bb32e171c&pf_rd_r=BFDE16KN366BBRMSNFFQ&pd_rd_wg=2enWN&pd_rd_r=c17617d7-4c38-48c4-8882-05119c6c5bb1&ref_=pd_gw_unk
https://www.amazon.in/s/?_encoding=UTF8&bbn=21541481031&rh=n%3A21541481031%2Cp_72%3A1318477031&pd_rd_w=hVYG7&content-id=amzn1.sym.9ff36f11-82d6-4600-a8fb-e52bb32e171c&pf_rd_p=9ff36f11-82d6-4600-a8fb-e52bb32e171c&pf_rd_r=BFDE16KN366BBRMSNFFQ&pd_rd_wg=2enWN&pd_rd_r=c17617d7-4c38-48c4-8882-05119c6c5bb1&ref_=pd_gw_unk
https://www.amazon.in/b/?_encoding=UTF8&ie=UTF8&node=4772060031&pd_rd_w=hVYG7&content-id=amzn1.sym.9ff36f11-82d6-4600-a8fb-e52bb32e171c&pf_rd_p=9ff36f11-82d6-4600-a8fb-e52bb32e171c&pf_rd_r=BFDE16KN366BBRMSNFFQ&pd_rd_wg=2enWN&pd_rd_r=c17617d7-4c38-48c4-8882-05119c6c5bb1&ref_=pd_gw_unk
https://www.amazon.in/s/?_encoding=UTF8&bbn=81107432031&rh=n%3A81107432031%2Cp_85%3A10440599031&pd_rd_w=4UgjW&content-id=amzn1.sym.0fbbbf4f-28a3-416c-9a01-83f0ac37db7a&pf_rd_p=0fbbbf4f-28a3-416c-9a01-83f0ac37db7a&pf_rd_r=BFDE16KN366BBRMSNFFQ&pd_rd_wg=2enWN&pd_rd_r=c17617d7-4c38-48c4-8882-05119c6c5bb1&ref_=pd_gw_unk
https://www.amazon.in/s/?_encoding=UTF8&bbn=81107433031&rh=n%3A81107433031%2Cp_85%3A10440599031&pd_rd_w=4UgjW&content-id=amzn1.sym.0fbbbf4f-28a3-416c-9a01-83f0ac37db7a&pf_rd_p=0fbbbf4f-28a3-416c-9a01-83f0ac37db7a&pf_rd_r=BFDE16KN366BBRMSNFFQ&pd_rd_wg=2enWN&pd_rd_r=c17617d7-4c38-48c4-8882-05119c6c5bb1&ref_=pd_gw_unk
https://www.amazon.in/s/?_encoding=UTF8&bbn=84514739031&rh=n%3A84514739031%2Cp_85%3A10440599031&pd_rd_w=4UgjW&content-id=amzn1.sym.0fbbbf4f-28a3-416c-9a01-83f0ac37db7a&pf_rd_p=0fbbbf4f-28a3-416c-9a01-83f0ac37db7a&pf_rd_r=BFDE16KN366BBRMSNFFQ&pd_rd_wg=2enWN&pd_rd_r=c17617d7-4c38-48c4-8882-05119c6c5bb1&ref_=pd_gw_unk
https://www.amazon.in/s/?_encoding=UTF8&bbn=84514752031&rh=n%3A84514752031%2Cp_85%3A10440599031&pd_rd_w=4UgjW&content-id=amzn1.sym.0fbbbf4f-28a3-416c-9a01-83f0ac37db7a&pf_rd_p=0fbbbf4f-28a3-416c-9a01-83f0ac37db7a&pf_rd_r=BFDE16KN366BBRMSNFFQ&pd_rd_wg=2enWN&pd_rd_r=c17617d7-4c38-48c4-8882-05119c6c5bb1&ref_=pd_gw_unk
https://www.amazon.in/s/?_encoding=UTF8&bbn=84514735031&rh=n%3A84514735031%2Cp_85%3A10440599031&pd_rd_w=4UgjW&content-id=amzn1.sym.0fbbbf4f-28a3-416c-9a01-83f0ac37db7a&pf_rd_p=0fbbbf4f-28a3-416c-9a01-83f0ac37db7a&pf_rd_r=BFDE16KN366BBRMSNFFQ&pd_rd_wg=2enWN&pd_rd_r=c17617d7-4c38-48c4-8882-05119c6c5bb1&ref_=pd_gw_unk
https://www.amazon.in/gp/goldbox/?ie=UTF8&ref=nav_topnav_deals&_ref=dlx_gate_sd_dcl_vai_dt&pd_rd_w=csbMk&content-id=amzn1.sym.9e4ae409-2145-4395-aa6e-45d7f3e95c3e&pf_rd_p=9e4ae409-2145-4395-aa6e-45d7f3e95c3e&pf_rd_r=BFDE16KN366BBRMSNFFQ&pd_rd_wg=2enWN&pd_rd_r=c17617d7-4c38-48c4-8882-05119c6c5bb1&ref_=pd_gw_unk
https://www.amazon.in/s/?_encoding=UTF8&hidden-keywords=B0CBTTCJL6%20%7C%20B0CDGGT5RJ%20%7C%20&_ref=dlx_gate_sd_dcl_tlt_30ffbabc_dt&pd_rd_w=csbMk&content-id=amzn1.sym.9e4ae409-2145-4395-aa6e-45d7f3e95c3e&pf_rd_p=9e4ae409-2145-4395-aa6e-45d7f3e95c3e&pf_rd_r=BFDE16KN366BBRMSNFFQ&pd_rd_wg=2enWN&pd_rd_r=c17617d7-4c38-48c4-8882-05119c6c5bb1&ref_=pd_gw_unk
https://www.amazon.in/iQOO-Fearless-Snapdragon%C2%AE-Independent-Flagship/dp/B07WFPLL3C/?_encoding=UTF8&_ref=dlx_gate_sd_dcl_tlt_2616932d_dt&pd_rd_w=csbMk&content-id=amzn1.sym.9e4ae409-2145-4395-aa6e-45d7f3e95c3e&pf_rd_p=9e4ae409-2145-4395-aa6e-45d7f3e95c3e&pf_rd_r=BFDE16KN366BBRMSNFFQ&pd_rd_wg=2enWN&pd_rd_r=c17617d7-4c38-48c4-8882-05119c6c5bb1&ref_=pd_gw_unk
https://www.amazon.in/deal/3d300490/?_encoding=UTF8&searchAlias=shoes&_ref=dlx_gate_sd_dcl_tlt_3d300490_dt&pd_rd_w=csbMk&content-id=amzn1.sym.9e4ae409-2145-4395-aa6e-45d7f3e95c3e&pf_rd_p=9e4ae409-2145-4395-aa6e-45d7f3e95c3e&pf_rd_r=BFDE16KN366BBRMSNFFQ&pd_rd_wg=2enWN&pd_rd_r=c17617d7-4c38-48c4-8882-05119c6c5bb1&ref_=pd_gw_unk
https://www.amazon.in/deal/1ce2d0d2/?_encoding=UTF8&showcolourVariations=true&moreDeals=0b725ea6%2C2425a94d%2C60c52072%2C7369a50f%2C7cf555f2%2C9e82f1e0%2Cf3388fd3&_ref=dlx_gate_sd_dcl_tlt_1ce2d0d2_dt&pd_rd_w=csbMk&content-id=amzn1.sym.9e4ae409-2145-4395-aa6e-45d7f3e95c3e&pf_rd_p=9e4ae409-2145-4395-aa6e-45d7f3e95c3e&pf_rd_r=BFDE16KN366BBRMSNFFQ&pd_rd_wg=2enWN&pd_rd_r=c17617d7-4c38-48c4-8882-05119c6c5bb1&ref_=pd_gw_unk
https://www.amazon.in/deal/d01465ad/?_encoding=UTF8&_ref=dlx_gate_sd_dcl_tlt_d01465ad_dt&pd_rd_w=csbMk&content-id=amzn1.sym.9e4ae409-2145-4395-aa6e-45d7f3e95c3e&pf_rd_p=9e4ae409-2145-4395-aa6e-45d7f3e95c3e&pf_rd_r=BFDE16KN366BBRMSNFFQ&pd_rd_wg=2enWN&pd_rd_r=c17617d7-4c38-48c4-8882-05119c6c5bb1&ref_=pd_gw_unk
https://www.amazon.in/deal/d742ce92/?_encoding=UTF8&searchAlias=shoes&_ref=dlx_gate_sd_dcl_tlt_d742ce92_dt&pd_rd_w=csbMk&content-id=amzn1.sym.9e4ae409-2145-4395-aa6e-45d7f3e95c3e&pf_rd_p=9e4ae409-2145-4395-aa6e-45d7f3e95c3e&pf_rd_r=BFDE16KN366BBRMSNFFQ&pd_rd_wg=2enWN&pd_rd_r=c17617d7-4c38-48c4-8882-05119c6c5bb1&ref_=pd_gw_unk
https://www.amazon.in/deal/139be7a6/?_encoding=UTF8&showVariations=true&_ref=dlx_gate_sd_dcl_tlt_139be7a6_dt&pd_rd_w=csbMk&content-id=amzn1.sym.9e4ae409-2145-4395-aa6e-45d7f3e95c3e&pf_rd_p=9e4ae409-2145-4395-aa6e-45d7f3e95c3e&pf_rd_r=BFDE16KN366BBRMSNFFQ&pd_rd_wg=2enWN&pd_rd_r=c17617d7-4c38-48c4-8882-05119c6c5bb1&ref_=pd_gw_unk
https://www.amazon.in/deal/5f37894d/?_encoding=UTF8&moreDeals=972efecc%2C4997eea2%2Ca71cf3bf%2C11067000%2Caaac3b48%2C68876f97&_ref=dlx_gate_sd_dcl_tlt_5f37894d_dt&pd_rd_w=csbMk&content-id=amzn1.sym.9e4ae409-2145-4395-aa6e-45d7f3e95c3e&pf_rd_p=9e4ae409-2145-4395-aa6e-45d7f3e95c3e&pf_rd_r=BFDE16KN366BBRMSNFFQ&pd_rd_wg=2enWN&pd_rd_r=c17617d7-4c38-48c4-8882-05119c6c5bb1&ref_=pd_gw_unk
https://www.amazon.in/deal/2ed298c6/?_encoding=UTF8&showVariations=true&_ref=dlx_gate_sd_dcl_tlt_2ed298c6_dt&pd_rd_w=csbMk&content-id=amzn1.sym.9e4ae409-2145-4395-aa6e-45d7f3e95c3e&pf_rd_p=9e4ae409-2145-4395-aa6e-45d7f3e95c3e&pf_rd_r=BFDE16KN366BBRMSNFFQ&pd_rd_wg=2enWN&pd_rd_r=c17617d7-4c38-48c4-8882-05119c6c5bb1&ref_=pd_gw_unk
https://www.amazon.in/deal/2dfa8b75/?_encoding=UTF8&showVariations=true&_ref=dlx_gate_sd_dcl_tlt_2dfa8b75_dt&pd_rd_w=csbMk&content-id=amzn1.sym.9e4ae409-2145-4395-aa6e-45d7f3e95c3e&pf_rd_p=9e4ae409-2145-4395-aa6e-45d7f3e95c3e&pf_rd_r=BFDE16KN366BBRMSNFFQ&pd_rd_wg=2enWN&pd_rd_r=c17617d7-4c38-48c4-8882-05119c6c5bb1&ref_=pd_gw_unk
https://www.amazon.in/deal/13c81080/?_encoding=UTF8&showVariations=true&_ref=dlx_gate_sd_dcl_tlt_13c81080_dt&pd_rd_w=csbMk&content-id=amzn1.sym.9e4ae409-2145-4395-aa6e-45d7f3e95c3e&pf_rd_p=9e4ae409-2145-4395-aa6e-45d7f3e95c3e&pf_rd_r=BFDE16KN366BBRMSNFFQ&pd_rd_wg=2enWN&pd_rd_r=c17617d7-4c38-48c4-8882-05119c6c5bb1&ref_=pd_gw_unk
https://www.amazon.in/dp/B07BMXV5SQ/?_encoding=UTF8&_ref=dlx_gate_sd_dcl_tlt_7cf555f2_dt&pd_rd_w=csbMk&content-id=amzn1.sym.9e4ae409-2145-4395-aa6e-45d7f3e95c3e&pf_rd_p=9e4ae409-2145-4395-aa6e-45d7f3e95c3e&pf_rd_r=BFDE16KN366BBRMSNFFQ&pd_rd_wg=2enWN&pd_rd_r=c17617d7-4c38-48c4-8882-05119c6c5bb1&ref_=pd_gw_unk
https://www.amazon.in/deal/21ce0cd4/?_encoding=UTF8&moreDeals=6630be63&_ref=dlx_gate_sd_dcl_tlt_21ce0cd4_dt&pd_rd_w=csbMk&content-id=amzn1.sym.9e4ae409-2145-4395-aa6e-45d7f3e95c3e&pf_rd_p=9e4ae409-2145-4395-aa6e-45d7f3e95c3e&pf_rd_r=BFDE16KN366BBRMSNFFQ&pd_rd_wg=2enWN&pd_rd_r=c17617d7-4c38-48c4-8882-05119c6c5bb1&ref_=pd_gw_unk
https://www.amazon.in/SHOEGR-Ultimate-Kit-Cleaning-Multi-Material/dp/B09C6LXJV8/?_encoding=UTF8&_ref=dlx_gate_sd_dcl_tlt_67c52146_dt&pd_rd_w=csbMk&content-id=amzn1.sym.9e4ae409-2145-4395-aa6e-45d7f3e95c3e&pf_rd_p=9e4ae409-2145-4395-aa6e-45d7f3e95c3e&pf_rd_r=BFDE16KN366BBRMSNFFQ&pd_rd_wg=2enWN&pd_rd_r=c17617d7-4c38-48c4-8882-05119c6c5bb1&ref_=pd_gw_unk
https://www.amazon.in/dp/B09PL2CBS4/?_encoding=UTF8&_ref=dlx_gate_sd_dcl_tlt_8014ad6f_dt&pd_rd_w=csbMk&content-id=amzn1.sym.9e4ae409-2145-4395-aa6e-45d7f3e95c3e&pf_rd_p=9e4ae409-2145-4395-aa6e-45d7f3e95c3e&pf_rd_r=BFDE16KN366BBRMSNFFQ&pd_rd_wg=2enWN&pd_rd_r=c17617d7-4c38-48c4-8882-05119c6c5bb1&ref_=pd_gw_unk
https://www.amazon.in/#
https://www.amazon.in/#
https://www.amazon.in/b?node=68698547031&pd_rd_w=m8log&content-id=amzn1.sym.0a6caf72-bffb-4465-b576-9685968b49fb&pf_rd_p=0a6caf72-bffb-4465-b576-9685968b49fb&pf_rd_r=BFDE16KN366BBRMSNFFQ&pd_rd_wg=x0Wzb&pd_rd_r=2c7beb44-cbd6-4fb4-9b2e-17468b9658bc
https://www.amazon.in/NATURALS-EXPORT-Peacock-Diwali-Tealight/dp/B0BHQS5VBK/?_encoding=UTF8&pd_rd_w=m8log&content-id=amzn1.sym.0a6caf72-bffb-4465-b576-9685968b49fb&pf_rd_p=0a6caf72-bffb-4465-b576-9685968b49fb&pf_rd_r=BFDE16KN366BBRMSNFFQ&pd_rd_wg=x0Wzb&pd_rd_r=2c7beb44-cbd6-4fb4-9b2e-17468b9658bc&ref_=pd_gw_ls_gwc_pc_en6_
https://www.amazon.in/HEYOL-Flower-Crystal-Living-Office/dp/B08WKC1HHM/?_encoding=UTF8&pd_rd_w=m8log&content-id=amzn1.sym.0a6caf72-bffb-4465-b576-9685968b49fb&pf_rd_p=0a6caf72-bffb-4465-b576-9685968b49fb&pf_rd_r=BFDE16KN366BBRMSNFFQ&pd_rd_wg=x0Wzb&pd_rd_r=2c7beb44-cbd6-4fb4-9b2e-17468b9658bc&ref_=pd_gw_ls_gwc_pc_en6_
https://www.amazon.in/Roopam-Heritage-Cooper-Zodiac-Multicolour/dp/B0915XD9KP/?_encoding=UTF8&pd_rd_w=m8log&content-id=amzn1.sym.0a6caf72-bffb-4465-b576-9685968b49fb&pf_rd_p=0a6caf72-bffb-4465-b576-9685968b49fb&pf_rd_r=BFDE16KN366BBRMSNFFQ&pd_rd_wg=x0Wzb&pd_rd_r=2c7beb44-cbd6-4fb4-9b2e-17468b9658bc&ref_=pd_gw_ls_gwc_pc_en6_
https://www.amazon.in/PAPER-PLANE-DESIGN-Family-Picture/dp/B09RN7BV98/?_encoding=UTF8&pd_rd_w=m8log&content-id=amzn1.sym.0a6caf72-bffb-4465-b576-9685968b49fb&pf_rd_p=0a6caf72-bffb-4465-b576-9685968b49fb&pf_rd_r=BFDE16KN366BBRMSNFFQ&pd_rd_wg=x0Wzb&pd_rd_r=2c7beb44-cbd6-4fb4-9b2e-17468b9658bc&ref_=pd_gw_ls_gwc_pc_en6_
https://www.amazon.in/Handicraft-Decorative-Tealight-Candle-Decorations/dp/B0BTSLN1BJ/?_encoding=UTF8&pd_rd_w=m8log&content-id=amzn1.sym.0a6caf72-bffb-4465-b576-9685968b49fb&pf_rd_p=0a6caf72-bffb-4465-b576-9685968b49fb&pf_rd_r=BFDE16KN366BBRMSNFFQ&pd_rd_wg=x0Wzb&pd_rd_r=2c7beb44-cbd6-4fb4-9b2e-17468b9658bc&ref_=pd_gw_ls_gwc_pc_en6_
https://www.amazon.in/Tea-Light-Candle-Holder-Decorative/dp/B09RX39SDN/?_encoding=UTF8&pd_rd_w=m8log&content-id=amzn1.sym.0a6caf72-bffb-4465-b576-9685968b49fb&pf_rd_p=0a6caf72-bffb-4465-b576-9685968b49fb&pf_rd_r=BFDE16KN366BBRMSNFFQ&pd_rd_wg=x0Wzb&pd_rd_r=2c7beb44-cbd6-4fb4-9b2e-17468b9658bc&ref_=pd_gw_ls_gwc_pc_en6_
https://www.amazon.in/DECORE-BASKET-Decor-Metal-Bullet/dp/B08HK3PMQT/?_encoding=UTF8&pd_rd_w=m8log&content-id=amzn1.sym.0a6caf72-bffb-4465-b576-9685968b49fb&pf_rd_p=0a6caf72-bffb-4465-b576-9685968b49fb&pf_rd_r=BFDE16KN366BBRMSNFFQ&pd_rd_wg=x0Wzb&pd_rd_r=2c7beb44-cbd6-4fb4-9b2e-17468b9658bc&ref_=pd_gw_ls_gwc_pc_en6_
https://www.amazon.in/Chitra-Artworks_Handmade-Mirror-Painting-Peacock/dp/B0BZPN1PBF/?_encoding=UTF8&pd_rd_w=m8log&content-id=amzn1.sym.0a6caf72-bffb-4465-b576-9685968b49fb&pf_rd_p=0a6caf72-bffb-4465-b576-9685968b49fb&pf_rd_r=BFDE16KN366BBRMSNFFQ&pd_rd_wg=x0Wzb&pd_rd_r=2c7beb44-cbd6-4fb4-9b2e-17468b9658bc&ref_=pd_gw_ls_gwc_pc_en6_
https://www.amazon.in/VENETIAN-IMAGE-Bathroom-LED-Hardwired/dp/B08X3VWHQX/?_encoding=UTF8&pd_rd_w=m8log&content-id=amzn1.sym.0a6caf72-bffb-4465-b576-9685968b49fb&pf_rd_p=0a6caf72-bffb-4465-b576-9685968b49fb&pf_rd_r=BFDE16KN366BBRMSNFFQ&pd_rd_wg=x0Wzb&pd_rd_r=2c7beb44-cbd6-4fb4-9b2e-17468b9658bc&ref_=pd_gw_ls_gwc_pc_en6_
https://www.amazon.in/Mirror-Wall-Entrance-Restaurant-Enterprises/dp/B0BSLBTM31/?_encoding=UTF8&pd_rd_w=m8log&content-id=amzn1.sym.0a6caf72-bffb-4465-b576-9685968b49fb&pf_rd_p=0a6caf72-bffb-4465-b576-9685968b49fb&pf_rd_r=BFDE16KN366BBRMSNFFQ&pd_rd_wg=x0Wzb&pd_rd_r=2c7beb44-cbd6-4fb4-9b2e-17468b9658bc&ref_=pd_gw_ls_gwc_pc_en6_
https://www.amazon.in/Decorative-Mirror-Mounted-Hanging-Sculpture/dp/B092SJD4V6/?_encoding=UTF8&pd_rd_w=m8log&content-id=amzn1.sym.0a6caf72-bffb-4465-b576-9685968b49fb&pf_rd_p=0a6caf72-bffb-4465-b576-9685968b49fb&pf_rd_r=BFDE16KN366BBRMSNFFQ&pd_rd_wg=x0Wzb&pd_rd_r=2c7beb44-cbd6-4fb4-9b2e-17468b9658bc&ref_=pd_gw_ls_gwc_pc_en6_
https://www.amazon.in/Peacock-Urli-Bowl-Decoration-Decorative/dp/B0BD7SNCWG/?_encoding=UTF8&pd_rd_w=m8log&content-id=amzn1.sym.0a6caf72-bffb-4465-b576-9685968b49fb&pf_rd_p=0a6caf72-bffb-4465-b576-9685968b49fb&pf_rd_r=BFDE16KN366BBRMSNFFQ&pd_rd_wg=x0Wzb&pd_rd_r=2c7beb44-cbd6-4fb4-9b2e-17468b9658bc&ref_=pd_gw_ls_gwc_pc_en6_
https://www.amazon.in/Wall-Mounted-Home-Decor-Decoration-Accessories/dp/B0C3YZYT2J/?_encoding=UTF8&pd_rd_w=m8log&content-id=amzn1.sym.0a6caf72-bffb-4465-b576-9685968b49fb&pf_rd_p=0a6caf72-bffb-4465-b576-9685968b49fb&pf_rd_r=BFDE16KN366BBRMSNFFQ&pd_rd_wg=x0Wzb&pd_rd_r=2c7beb44-cbd6-4fb4-9b2e-17468b9658bc&ref_=pd_gw_ls_gwc_pc_en6_
https://www.amazon.in/Mark-HANDICRAFTS-Tealite-Plated-Decorative/dp/B0B8SYKYLH/?_encoding=UTF8&pd_rd_w=m8log&content-id=amzn1.sym.0a6caf72-bffb-4465-b576-9685968b49fb&pf_rd_p=0a6caf72-bffb-4465-b576-9685968b49fb&pf_rd_r=BFDE16KN366BBRMSNFFQ&pd_rd_wg=x0Wzb&pd_rd_r=2c7beb44-cbd6-4fb4-9b2e-17468b9658bc&ref_=pd_gw_ls_gwc_pc_en6_
https://www.amazon.in/HOTKEI-Stretchable-Slipcover-Protector-Polycotton/dp/B0993KP4F1/?_encoding=UTF8&pd_rd_w=m8log&content-id=amzn1.sym.0a6caf72-bffb-4465-b576-9685968b49fb&pf_rd_p=0a6caf72-bffb-4465-b576-9685968b49fb&pf_rd_r=BFDE16KN366BBRMSNFFQ&pd_rd_wg=x0Wzb&pd_rd_r=2c7beb44-cbd6-4fb4-9b2e-17468b9658bc&ref_=pd_gw_ls_gwc_pc_en6_
https://www.amazon.in/Indo-Art-Collection-Tealight-Holder/dp/B0BM7CJ4DL/?_encoding=UTF8&pd_rd_w=m8log&content-id=amzn1.sym.0a6caf72-bffb-4465-b576-9685968b49fb&pf_rd_p=0a6caf72-bffb-4465-b576-9685968b49fb&pf_rd_r=BFDE16KN366BBRMSNFFQ&pd_rd_wg=x0Wzb&pd_rd_r=2c7beb44-cbd6-4fb4-9b2e-17468b9658bc&ref_=pd_gw_ls_gwc_pc_en6_
https://www.amazon.in/Luminous-Creations-Grand-Rangoli-Tealight/dp/B0BPDG3HN2/?_encoding=UTF8&pd_rd_w=m8log&content-id=amzn1.sym.0a6caf72-bffb-4465-b576-9685968b49fb&pf_rd_p=0a6caf72-bffb-4465-b576-9685968b49fb&pf_rd_r=BFDE16KN366BBRMSNFFQ&pd_rd_wg=x0Wzb&pd_rd_r=2c7beb44-cbd6-4fb4-9b2e-17468b9658bc&ref_=pd_gw_ls_gwc_pc_en6_
https://www.amazon.in/ORIGIN-MIRRORS-Modern-Sensor-Mounted/dp/B09W2JM8QZ/?_encoding=UTF8&pd_rd_w=m8log&content-id=amzn1.sym.0a6caf72-bffb-4465-b576-9685968b49fb&pf_rd_p=0a6caf72-bffb-4465-b576-9685968b49fb&pf_rd_r=BFDE16KN366BBRMSNFFQ&pd_rd_wg=x0Wzb&pd_rd_r=2c7beb44-cbd6-4fb4-9b2e-17468b9658bc&ref_=pd_gw_ls_gwc_pc_en6_
https://www.amazon.in/Living-Ticking-Decorative-Bedroom-Kitchen/dp/B0BL34DF85/?_encoding=UTF8&pd_rd_w=m8log&content-id=amzn1.sym.0a6caf72-bffb-4465-b576-9685968b49fb&pf_rd_p=0a6caf72-bffb-4465-b576-9685968b49fb&pf_rd_r=BFDE16KN366BBRMSNFFQ&pd_rd_wg=x0Wzb&pd_rd_r=2c7beb44-cbd6-4fb4-9b2e-17468b9658bc&ref_=pd_gw_ls_gwc_pc_en6_
https://www.amazon.in/999STORE-Printed-Bathroom-MDF_24X48-Mirror24X48269/dp/B0BN8NG32P/?_encoding=UTF8&pd_rd_w=m8log&content-id=amzn1.sym.0a6caf72-bffb-4465-b576-9685968b49fb&pf_rd_p=0a6caf72-bffb-4465-b576-9685968b49fb&pf_rd_r=BFDE16KN366BBRMSNFFQ&pd_rd_wg=x0Wzb&pd_rd_r=2c7beb44-cbd6-4fb4-9b2e-17468b9658bc&ref_=pd_gw_ls_gwc_pc_en6_
https://www.amazon.in/Crafticia-Musician-Handmade-Decorative-Showpiece/dp/B074KJ2DLM/?_encoding=UTF8&pd_rd_w=m8log&content-id=amzn1.sym.0a6caf72-bffb-4465-b576-9685968b49fb&pf_rd_p=0a6caf72-bffb-4465-b576-9685968b49fb&pf_rd_r=BFDE16KN366BBRMSNFFQ&pd_rd_wg=x0Wzb&pd_rd_r=2c7beb44-cbd6-4fb4-9b2e-17468b9658bc&ref_=pd_gw_ls_gwc_pc_en6_
https://www.amazon.in/Creation-Traditional-Urli-Festival-Decoration/dp/B0BD7VZP82/?_encoding=UTF8&pd_rd_w=m8log&content-id=amzn1.sym.0a6caf72-bffb-4465-b576-9685968b49fb&pf_rd_p=0a6caf72-bffb-4465-b576-9685968b49fb&pf_rd_r=BFDE16KN366BBRMSNFFQ&pd_rd_wg=x0Wzb&pd_rd_r=2c7beb44-cbd6-4fb4-9b2e-17468b9658bc&ref_=pd_gw_ls_gwc_pc_en6_
https://www.amazon.in/iHandikart-Handicrafts-Beautiful-Material-Decoration/dp/B0796RN9DL/?_encoding=UTF8&pd_rd_w=m8log&content-id=amzn1.sym.0a6caf72-bffb-4465-b576-9685968b49fb&pf_rd_p=0a6caf72-bffb-4465-b576-9685968b49fb&pf_rd_r=BFDE16KN366BBRMSNFFQ&pd_rd_wg=x0Wzb&pd_rd_r=2c7beb44-cbd6-4fb4-9b2e-17468b9658bc&ref_=pd_gw_ls_gwc_pc_en6_
https://www.amazon.in/#
https://www.amazon.in/#
https://www.amazon.in/b?node=86359322031&pd_rd_w=fnxtK&content-id=amzn1.sym.2d8e6f32-654c-4d14-a41e-50b45e2227ee&pf_rd_p=2d8e6f32-654c-4d14-a41e-50b45e2227ee&pf_rd_r=BFDE16KN366BBRMSNFFQ&pd_rd_wg=x0Wzb&pd_rd_r=2c7beb44-cbd6-4fb4-9b2e-17468b9658bc
https://www.amazon.in/Ziyaa-Womens-Print-Straight-ZIKUCR3049ANDPA-RL-L/dp/B08PF8TFWV/?_encoding=UTF8&pd_rd_w=fnxtK&content-id=amzn1.sym.2d8e6f32-654c-4d14-a41e-50b45e2227ee&pf_rd_p=2d8e6f32-654c-4d14-a41e-50b45e2227ee&pf_rd_r=BFDE16KN366BBRMSNFFQ&pd_rd_wg=x0Wzb&pd_rd_r=2c7beb44-cbd6-4fb4-9b2e-17468b9658bc&ref_=pd_gw_ls_gwc_pc_en7_
https://www.amazon.in/Masking-Glowing-Lightening-Fairness-Suitable/dp/B08R5QVHH7/?_encoding=UTF8&pd_rd_w=fnxtK&content-id=amzn1.sym.2d8e6f32-654c-4d14-a41e-50b45e2227ee&pf_rd_p=2d8e6f32-654c-4d14-a41e-50b45e2227ee&pf_rd_r=BFDE16KN366BBRMSNFFQ&pd_rd_wg=x0Wzb&pd_rd_r=2c7beb44-cbd6-4fb4-9b2e-17468b9658bc&ref_=pd_gw_ls_gwc_pc_en7_
https://www.amazon.in/SHRUR-Multani-Powder-Healing-Glowing/dp/B0BZQG23HP/?_encoding=UTF8&pd_rd_w=fnxtK&content-id=amzn1.sym.2d8e6f32-654c-4d14-a41e-50b45e2227ee&pf_rd_p=2d8e6f32-654c-4d14-a41e-50b45e2227ee&pf_rd_r=BFDE16KN366BBRMSNFFQ&pd_rd_wg=x0Wzb&pd_rd_r=2c7beb44-cbd6-4fb4-9b2e-17468b9658bc&ref_=pd_gw_ls_gwc_pc_en7_
https://www.amazon.in/Wrixty-Tea-Built-Cleasing-Enriched/dp/B09HKKWQ4D/?_encoding=UTF8&pd_rd_w=fnxtK&content-id=amzn1.sym.2d8e6f32-654c-4d14-a41e-50b45e2227ee&pf_rd_p=2d8e6f32-654c-4d14-a41e-50b45e2227ee&pf_rd_r=BFDE16KN366BBRMSNFFQ&pd_rd_wg=x0Wzb&pd_rd_r=2c7beb44-cbd6-4fb4-9b2e-17468b9658bc&ref_=pd_gw_ls_gwc_pc_en7_
https://www.amazon.in/Masking-Cleansing-Blackhead-whitehead-Soothing/dp/B0BNYJGBP2/?_encoding=UTF8&pd_rd_w=fnxtK&content-id=amzn1.sym.2d8e6f32-654c-4d14-a41e-50b45e2227ee&pf_rd_p=2d8e6f32-654c-4d14-a41e-50b45e2227ee&pf_rd_r=BFDE16KN366BBRMSNFFQ&pd_rd_wg=x0Wzb&pd_rd_r=2c7beb44-cbd6-4fb4-9b2e-17468b9658bc&ref_=pd_gw_ls_gwc_pc_en7_
https://www.amazon.in/MR-Ayurveda-Walnut-Shell-Powder/dp/B0B2MRDNLG/?_encoding=UTF8&pd_rd_w=fnxtK&content-id=amzn1.sym.2d8e6f32-654c-4d14-a41e-50b45e2227ee&pf_rd_p=2d8e6f32-654c-4d14-a41e-50b45e2227ee&pf_rd_r=BFDE16KN366BBRMSNFFQ&pd_rd_wg=x0Wzb&pd_rd_r=2c7beb44-cbd6-4fb4-9b2e-17468b9658bc&ref_=pd_gw_ls_gwc_pc_en7_
https://www.amazon.in/Cutilif-Gold-Lightening-Face-lightening/dp/B09CM85B2J/?_encoding=UTF8&pd_rd_w=fnxtK&content-id=amzn1.sym.2d8e6f32-654c-4d14-a41e-50b45e2227ee&pf_rd_p=2d8e6f32-654c-4d14-a41e-50b45e2227ee&pf_rd_r=BFDE16KN366BBRMSNFFQ&pd_rd_wg=x0Wzb&pd_rd_r=2c7beb44-cbd6-4fb4-9b2e-17468b9658bc&ref_=pd_gw_ls_gwc_pc_en7_
https://www.amazon.in/MR-Ayurveda-Herbal-Manjistha-Chemicals/dp/B09K5KY383/?_encoding=UTF8&pd_rd_w=fnxtK&content-id=amzn1.sym.2d8e6f32-654c-4d14-a41e-50b45e2227ee&pf_rd_p=2d8e6f32-654c-4d14-a41e-50b45e2227ee&pf_rd_r=BFDE16KN366BBRMSNFFQ&pd_rd_wg=x0Wzb&pd_rd_r=2c7beb44-cbd6-4fb4-9b2e-17468b9658bc&ref_=pd_gw_ls_gwc_pc_en7_
https://www.amazon.in/MasKing-sheet-Soothing-hydrating-Nourishing/dp/B0C2KH5HKN/?_encoding=UTF8&pd_rd_w=fnxtK&content-id=amzn1.sym.2d8e6f32-654c-4d14-a41e-50b45e2227ee&pf_rd_p=2d8e6f32-654c-4d14-a41e-50b45e2227ee&pf_rd_r=BFDE16KN366BBRMSNFFQ&pd_rd_wg=x0Wzb&pd_rd_r=2c7beb44-cbd6-4fb4-9b2e-17468b9658bc&ref_=pd_gw_ls_gwc_pc_en7_
https://www.amazon.in/ilika-DARK-GREEN-CURVY-HANDLE/dp/B0B4W9517N/?_encoding=UTF8&pd_rd_w=fnxtK&content-id=amzn1.sym.2d8e6f32-654c-4d14-a41e-50b45e2227ee&pf_rd_p=2d8e6f32-654c-4d14-a41e-50b45e2227ee&pf_rd_r=BFDE16KN366BBRMSNFFQ&pd_rd_wg=x0Wzb&pd_rd_r=2c7beb44-cbd6-4fb4-9b2e-17468b9658bc&ref_=pd_gw_ls_gwc_pc_en7_
https://www.amazon.in/MR-Ayurveda-Hibiscus-Powder-Conditioning/dp/B0893847X9/?_encoding=UTF8&pd_rd_w=fnxtK&content-id=amzn1.sym.2d8e6f32-654c-4d14-a41e-50b45e2227ee&pf_rd_p=2d8e6f32-654c-4d14-a41e-50b45e2227ee&pf_rd_r=BFDE16KN366BBRMSNFFQ&pd_rd_wg=x0Wzb&pd_rd_r=2c7beb44-cbd6-4fb4-9b2e-17468b9658bc&ref_=pd_gw_ls_gwc_pc_en7_
https://www.amazon.in/Dispenser-Drinking-Lifelike-Children-Cosplsy/dp/B0C3Y5W5TL/?_encoding=UTF8&pd_rd_w=fnxtK&content-id=amzn1.sym.2d8e6f32-654c-4d14-a41e-50b45e2227ee&pf_rd_p=2d8e6f32-654c-4d14-a41e-50b45e2227ee&pf_rd_r=BFDE16KN366BBRMSNFFQ&pd_rd_wg=x0Wzb&pd_rd_r=2c7beb44-cbd6-4fb4-9b2e-17468b9658bc&ref_=pd_gw_ls_gwc_pc_en7_
https://www.amazon.in/VINAYAK-Creation-LTR-Plastic-Insulated/dp/B0BZ11X1W1/?_encoding=UTF8&pd_rd_w=fnxtK&content-id=amzn1.sym.2d8e6f32-654c-4d14-a41e-50b45e2227ee&pf_rd_p=2d8e6f32-654c-4d14-a41e-50b45e2227ee&pf_rd_r=BFDE16KN366BBRMSNFFQ&pd_rd_wg=x0Wzb&pd_rd_r=2c7beb44-cbd6-4fb4-9b2e-17468b9658bc&ref_=pd_gw_ls_gwc_pc_en7_
https://www.amazon.in/Imperia-RO-Water-Purifier-Mineralizer/dp/B078Y97JLB/?_encoding=UTF8&pd_rd_w=fnxtK&content-id=amzn1.sym.2d8e6f32-654c-4d14-a41e-50b45e2227ee&pf_rd_p=2d8e6f32-654c-4d14-a41e-50b45e2227ee&pf_rd_r=BFDE16KN366BBRMSNFFQ&pd_rd_wg=x0Wzb&pd_rd_r=2c7beb44-cbd6-4fb4-9b2e-17468b9658bc&ref_=pd_gw_ls_gwc_pc_en7_
https://www.amazon.in/Water-Solution-Stage-Alkaline-Purifier/dp/B07KRBGZ2H/?_encoding=UTF8&pd_rd_w=fnxtK&content-id=amzn1.sym.2d8e6f32-654c-4d14-a41e-50b45e2227ee&pf_rd_p=2d8e6f32-654c-4d14-a41e-50b45e2227ee&pf_rd_r=BFDE16KN366BBRMSNFFQ&pd_rd_wg=x0Wzb&pd_rd_r=2c7beb44-cbd6-4fb4-9b2e-17468b9658bc&ref_=pd_gw_ls_gwc_pc_en7_
https://www.amazon.in/AQUA-JADE-Alkaline-Water-Purifier/dp/B0BMLT2ZB5/?_encoding=UTF8&pd_rd_w=fnxtK&content-id=amzn1.sym.2d8e6f32-654c-4d14-a41e-50b45e2227ee&pf_rd_p=2d8e6f32-654c-4d14-a41e-50b45e2227ee&pf_rd_r=BFDE16KN366BBRMSNFFQ&pd_rd_wg=x0Wzb&pd_rd_r=2c7beb44-cbd6-4fb4-9b2e-17468b9658bc&ref_=pd_gw_ls_gwc_pc_en7_
https://www.amazon.in/Keon-Furniture-Sheesham-Square-Coffee/dp/B07NZ5F1LR/?_encoding=UTF8&pd_rd_w=fnxtK&content-id=amzn1.sym.2d8e6f32-654c-4d14-a41e-50b45e2227ee&pf_rd_p=2d8e6f32-654c-4d14-a41e-50b45e2227ee&pf_rd_r=BFDE16KN366BBRMSNFFQ&pd_rd_wg=x0Wzb&pd_rd_r=2c7beb44-cbd6-4fb4-9b2e-17468b9658bc&ref_=pd_gw_ls_gwc_pc_en7_
https://www.amazon.in/Furniture-Sheesham-Bedside-Furnitures-Nightstand/dp/B08GZD4K4G/?_encoding=UTF8&pd_rd_w=fnxtK&content-id=amzn1.sym.2d8e6f32-654c-4d14-a41e-50b45e2227ee&pf_rd_p=2d8e6f32-654c-4d14-a41e-50b45e2227ee&pf_rd_r=BFDE16KN366BBRMSNFFQ&pd_rd_wg=x0Wzb&pd_rd_r=2c7beb44-cbd6-4fb4-9b2e-17468b9658bc&ref_=pd_gw_ls_gwc_pc_en7_
https://www.amazon.in/Fabrique-Elegancy-Fabric-Seater-Light/dp/B09H4PC1FQ/?_encoding=UTF8&pd_rd_w=fnxtK&content-id=amzn1.sym.2d8e6f32-654c-4d14-a41e-50b45e2227ee&pf_rd_p=2d8e6f32-654c-4d14-a41e-50b45e2227ee&pf_rd_r=BFDE16KN366BBRMSNFFQ&pd_rd_wg=x0Wzb&pd_rd_r=2c7beb44-cbd6-4fb4-9b2e-17468b9658bc&ref_=pd_gw_ls_gwc_pc_en7_
https://www.amazon.in/Nestroots-Metallic-Deepawali-Furniture-Aluminium/dp/B08CDZ8NYF/?_encoding=UTF8&pd_rd_w=fnxtK&content-id=amzn1.sym.2d8e6f32-654c-4d14-a41e-50b45e2227ee&pf_rd_p=2d8e6f32-654c-4d14-a41e-50b45e2227ee&pf_rd_r=BFDE16KN366BBRMSNFFQ&pd_rd_wg=x0Wzb&pd_rd_r=2c7beb44-cbd6-4fb4-9b2e-17468b9658bc&ref_=pd_gw_ls_gwc_pc_en7_
https://www.amazon.in/JGS-Furniture-Sheesham-Bedside-Bedroom/dp/B09XTZ65CD/?_encoding=UTF8&pd_rd_w=fnxtK&content-id=amzn1.sym.2d8e6f32-654c-4d14-a41e-50b45e2227ee&pf_rd_p=2d8e6f32-654c-4d14-a41e-50b45e2227ee&pf_rd_r=BFDE16KN366BBRMSNFFQ&pd_rd_wg=x0Wzb&pd_rd_r=2c7beb44-cbd6-4fb4-9b2e-17468b9658bc&ref_=pd_gw_ls_gwc_pc_en7_
https://www.amazon.in/V-Decor-Nesting-Table-End-Furniture/dp/B0C56XMYM3/?_encoding=UTF8&pd_rd_w=fnxtK&content-id=amzn1.sym.2d8e6f32-654c-4d14-a41e-50b45e2227ee&pf_rd_p=2d8e6f32-654c-4d14-a41e-50b45e2227ee&pf_rd_r=BFDE16KN366BBRMSNFFQ&pd_rd_wg=x0Wzb&pd_rd_r=2c7beb44-cbd6-4fb4-9b2e-17468b9658bc&ref_=pd_gw_ls_gwc_pc_en7_
https://www.amazon.in/Shadowkart-Footstool-Decoration-Dressing-18x18x32/dp/B0BZSN14HX/?_encoding=UTF8&pd_rd_w=fnxtK&content-id=amzn1.sym.2d8e6f32-654c-4d14-a41e-50b45e2227ee&pf_rd_p=2d8e6f32-654c-4d14-a41e-50b45e2227ee&pf_rd_r=BFDE16KN366BBRMSNFFQ&pd_rd_wg=x0Wzb&pd_rd_r=2c7beb44-cbd6-4fb4-9b2e-17468b9658bc&ref_=pd_gw_ls_gwc_pc_en7_
https://www.amazon.in/Adorn-India-Astor-Leatherette-Seater/dp/B083DZVFFM/?_encoding=UTF8&pd_rd_w=fnxtK&content-id=amzn1.sym.2d8e6f32-654c-4d14-a41e-50b45e2227ee&pf_rd_p=2d8e6f32-654c-4d14-a41e-50b45e2227ee&pf_rd_r=BFDE16KN366BBRMSNFFQ&pd_rd_wg=x0Wzb&pd_rd_r=2c7beb44-cbd6-4fb4-9b2e-17468b9658bc&ref_=pd_gw_ls_gwc_pc_en7_
https://www.amazon.in/SpyderCraft-Loveseat-Conversation-Tempered-Backyard/dp/B0C664T2T1/?_encoding=UTF8&pd_rd_w=fnxtK&content-id=amzn1.sym.2d8e6f32-654c-4d14-a41e-50b45e2227ee&pf_rd_p=2d8e6f32-654c-4d14-a41e-50b45e2227ee&pf_rd_r=BFDE16KN366BBRMSNFFQ&pd_rd_wg=x0Wzb&pd_rd_r=2c7beb44-cbd6-4fb4-9b2e-17468b9658bc&ref_=pd_gw_ls_gwc_pc_en7_
https://www.amazon.in/VIRASAT-FURNITURE-FURNISHING-Multipurpose-Standard/dp/B075VSRDR1/?_encoding=UTF8&pd_rd_w=fnxtK&content-id=amzn1.sym.2d8e6f32-654c-4d14-a41e-50b45e2227ee&pf_rd_p=2d8e6f32-654c-4d14-a41e-50b45e2227ee&pf_rd_r=BFDE16KN366BBRMSNFFQ&pd_rd_wg=x0Wzb&pd_rd_r=2c7beb44-cbd6-4fb4-9b2e-17468b9658bc&ref_=pd_gw_ls_gwc_pc_en7_
https://www.amazon.in/AMATA-Cushions-Perfect-Living-Guests/dp/B0B68JZTDP/?_encoding=UTF8&pd_rd_w=fnxtK&content-id=amzn1.sym.2d8e6f32-654c-4d14-a41e-50b45e2227ee&pf_rd_p=2d8e6f32-654c-4d14-a41e-50b45e2227ee&pf_rd_r=BFDE16KN366BBRMSNFFQ&pd_rd_wg=x0Wzb&pd_rd_r=2c7beb44-cbd6-4fb4-9b2e-17468b9658bc&ref_=pd_gw_ls_gwc_pc_en7_
https://www.amazon.in/Crafts-Iron-Balcony-Bedroom-Bedside/dp/B0BZMQ4LVN/?_encoding=UTF8&pd_rd_w=fnxtK&content-id=amzn1.sym.2d8e6f32-654c-4d14-a41e-50b45e2227ee&pf_rd_p=2d8e6f32-654c-4d14-a41e-50b45e2227ee&pf_rd_r=BFDE16KN366BBRMSNFFQ&pd_rd_wg=x0Wzb&pd_rd_r=2c7beb44-cbd6-4fb4-9b2e-17468b9658bc&ref_=pd_gw_ls_gwc_pc_en7_
https://www.amazon.in/Mollismoons-Living-Luxury-Lounge-Latest/dp/B08WZXG1K7/?_encoding=UTF8&pd_rd_w=fnxtK&content-id=amzn1.sym.2d8e6f32-654c-4d14-a41e-50b45e2227ee&pf_rd_p=2d8e6f32-654c-4d14-a41e-50b45e2227ee&pf_rd_r=BFDE16KN366BBRMSNFFQ&pd_rd_wg=x0Wzb&pd_rd_r=2c7beb44-cbd6-4fb4-9b2e-17468b9658bc&ref_=pd_gw_ls_gwc_pc_en7_
https://www.amazon.in/Upholstered-Storage-Bench-Ottoman-Bedroom/dp/B0BXJPMJMD/?_encoding=UTF8&pd_rd_w=fnxtK&content-id=amzn1.sym.2d8e6f32-654c-4d14-a41e-50b45e2227ee&pf_rd_p=2d8e6f32-654c-4d14-a41e-50b45e2227ee&pf_rd_r=BFDE16KN366BBRMSNFFQ&pd_rd_wg=x0Wzb&pd_rd_r=2c7beb44-cbd6-4fb4-9b2e-17468b9658bc&ref_=pd_gw_ls_gwc_pc_en7_
https://www.amazon.in/#
https://www.amazon.in/#
https://www.amazon.in/s/?_encoding=UTF8&i=shoes&bbn=1983519031&rh=n%3A1983519031%2Cp_n_feature_nineteen_browse-bin%3A11301363031%2Cp_n_pct-off-with-tax%3A2665401031&dc=&ds=v1%3AE9Y23lVqkOsWgmzj52NHtqBaad%2B%2FCIpXcQsEmA5TemQ&qid=1673623083&rnid=2665398031&ref=sr_nr_p_n_pct-off-with-tax_4&pd_rd_w=XxrbQ&content-id=amzn1.sym.1213a2de-5f66-45f0-9f88-24debbf607c5&pf_rd_p=1213a2de-5f66-45f0-9f88-24debbf607c5&pf_rd_r=BFDE16KN366BBRMSNFFQ&pd_rd_wg=x0Wzb&pd_rd_r=2c7beb44-cbd6-4fb4-9b2e-17468b9658bc&ref_=pd_gw_unk
https://www.amazon.in/b/?_encoding=UTF8&node=5210079031&pd_rd_w=XxrbQ&content-id=amzn1.sym.1213a2de-5f66-45f0-9f88-24debbf607c5&pf_rd_p=1213a2de-5f66-45f0-9f88-24debbf607c5&pf_rd_r=BFDE16KN366BBRMSNFFQ&pd_rd_wg=x0Wzb&pd_rd_r=2c7beb44-cbd6-4fb4-9b2e-17468b9658bc&ref_=pd_gw_unk
https://www.amazon.in/b/?_encoding=UTF8&node=27054253031&pd_rd_w=XxrbQ&content-id=amzn1.sym.1213a2de-5f66-45f0-9f88-24debbf607c5&pf_rd_p=1213a2de-5f66-45f0-9f88-24debbf607c5&pf_rd_r=BFDE16KN366BBRMSNFFQ&pd_rd_wg=x0Wzb&pd_rd_r=2c7beb44-cbd6-4fb4-9b2e-17468b9658bc&ref_=pd_gw_unk
https://www.amazon.in/s/?_encoding=UTF8&i=luggage&bbn=2454169031&rh=n%3A2454169031%2Cp_n_feature_nineteen_browse-bin%3A11301361031%2Cp_72%3A1318477031&s=popularity-rank&dc=&ds=v1%3AyifSznrSLe4COv09s3job9XZaxhQiH%2BjDD7bvP0q3DE&pf_rd_i=13714205031%2C13714205031&pf_rd_m=A1VBAL9TL5WCBF%2CA1VBAL9TL5WCBF&pf_rd_s=merchandised-search-6%2Cmerchandised-search-8&qid=1673623867&rnid=1318475031&ref=sr_nr_p_72_2&pd_rd_w=XxrbQ&content-id=amzn1.sym.1213a2de-5f66-45f0-9f88-24debbf607c5&pf_rd_p=1213a2de-5f66-45f0-9f88-24debbf607c5&pf_rd_r=BFDE16KN366BBRMSNFFQ&pd_rd_wg=x0Wzb&pd_rd_r=2c7beb44-cbd6-4fb4-9b2e-17468b9658bc&ref_=pd_gw_unk
https://www.amazon.in/b/?_encoding=UTF8&node=56186151031&pd_rd_w=XxrbQ&content-id=amzn1.sym.1213a2de-5f66-45f0-9f88-24debbf607c5&pf_rd_p=1213a2de-5f66-45f0-9f88-24debbf607c5&pf_rd_r=BFDE16KN366BBRMSNFFQ&pd_rd_wg=x0Wzb&pd_rd_r=2c7beb44-cbd6-4fb4-9b2e-17468b9658bc&ref_=pd_gw_unk
https://www.amazon.in/l/78382415031/?_encoding=UTF8&pd_rd_w=LOYzt&content-id=amzn1.sym.e0e7a5b3-73e3-43aa-ac4c-4530065ed5bf&pf_rd_p=e0e7a5b3-73e3-43aa-ac4c-4530065ed5bf&pf_rd_r=BFDE16KN366BBRMSNFFQ&pd_rd_wg=x0Wzb&pd_rd_r=2c7beb44-cbd6-4fb4-9b2e-17468b9658bc&ref_=pd_gw_unk
https://www.amazon.in/l/81201671031/?_encoding=UTF8&pd_rd_w=LOYzt&content-id=amzn1.sym.e0e7a5b3-73e3-43aa-ac4c-4530065ed5bf&pf_rd_p=e0e7a5b3-73e3-43aa-ac4c-4530065ed5bf&pf_rd_r=BFDE16KN366BBRMSNFFQ&pd_rd_wg=x0Wzb&pd_rd_r=2c7beb44-cbd6-4fb4-9b2e-17468b9658bc&ref_=pd_gw_unk
https://www.amazon.in/l/57231099031/?_encoding=UTF8&pd_rd_w=LOYzt&content-id=amzn1.sym.e0e7a5b3-73e3-43aa-ac4c-4530065ed5bf&pf_rd_p=e0e7a5b3-73e3-43aa-ac4c-4530065ed5bf&pf_rd_r=BFDE16KN366BBRMSNFFQ&pd_rd_wg=x0Wzb&pd_rd_r=2c7beb44-cbd6-4fb4-9b2e-17468b9658bc&ref_=pd_gw_unk
https://www.amazon.in/l/67452619031/?_encoding=UTF8&pd_rd_w=LOYzt&content-id=amzn1.sym.e0e7a5b3-73e3-43aa-ac4c-4530065ed5bf&pf_rd_p=e0e7a5b3-73e3-43aa-ac4c-4530065ed5bf&pf_rd_r=BFDE16KN366BBRMSNFFQ&pd_rd_wg=x0Wzb&pd_rd_r=2c7beb44-cbd6-4fb4-9b2e-17468b9658bc&ref_=pd_gw_unk
https://www.amazon.in/b/?_encoding=UTF8&node=67452619031&pd_rd_w=LOYzt&content-id=amzn1.sym.e0e7a5b3-73e3-43aa-ac4c-4530065ed5bf&pf_rd_p=e0e7a5b3-73e3-43aa-ac4c-4530065ed5bf&pf_rd_r=BFDE16KN366BBRMSNFFQ&pd_rd_wg=x0Wzb&pd_rd_r=2c7beb44-cbd6-4fb4-9b2e-17468b9658bc&ref_=pd_gw_unk
https://www.amazon.in/s/?_encoding=UTF8&bbn=16392737031&rh=n%3A4859730031&ref_=mk_in_fresh_qc_tq7t1pc1&pd_rd_w=wOKIn&content-id=amzn1.sym.a35ec507-0ae9-4432-94d1-d9a310331f44&pf_rd_p=a35ec507-0ae9-4432-94d1-d9a310331f44&pf_rd_r=BFDE16KN366BBRMSNFFQ&pd_rd_wg=x0Wzb&pd_rd_r=2c7beb44-cbd6-4fb4-9b2e-17468b9658bc
https://www.amazon.in/s/?_encoding=UTF8&bbn=16392737031&rh=n%3A4859731031&pf_rd_i=20190024&ref_=mk_in_fresh_qc_tq7t2pc1&pd_rd_w=wOKIn&content-id=amzn1.sym.a35ec507-0ae9-4432-94d1-d9a310331f44&pf_rd_p=a35ec507-0ae9-4432-94d1-d9a310331f44&pf_rd_r=BFDE16KN366BBRMSNFFQ&pd_rd_wg=x0Wzb&pd_rd_r=2c7beb44-cbd6-4fb4-9b2e-17468b9658bc
https://www.amazon.in/s/?_encoding=UTF8&bbn=16392737031&rh=n%3A20633036031&pf_rd_i=20190024&ref_=mk_in_fresh_qc_tq7t3pc1&pd_rd_w=wOKIn&content-id=amzn1.sym.a35ec507-0ae9-4432-94d1-d9a310331f44&pf_rd_p=a35ec507-0ae9-4432-94d1-d9a310331f44&pf_rd_r=BFDE16KN366BBRMSNFFQ&pd_rd_wg=x0Wzb&pd_rd_r=2c7beb44-cbd6-4fb4-9b2e-17468b9658bc
https://www.amazon.in/fmc/m/30006503/?_encoding=UTF8&almBrandId=ctnow&ref_=mk_in_fresh_qc_tq7t4pc1&pd_rd_w=wOKIn&content-id=amzn1.sym.a35ec507-0ae9-4432-94d1-d9a310331f44&pf_rd_p=a35ec507-0ae9-4432-94d1-d9a310331f44&pf_rd_r=BFDE16KN366BBRMSNFFQ&pd_rd_wg=x0Wzb&pd_rd_r=2c7beb44-cbd6-4fb4-9b2e-17468b9658bc
https://www.amazon.in/alm/storefront/?_encoding=UTF8&almBrandId=ctnow&ref_=mk_in_fresh_qc_tq7t5pc1&pd_rd_w=wOKIn&content-id=amzn1.sym.a35ec507-0ae9-4432-94d1-d9a310331f44&pf_rd_p=a35ec507-0ae9-4432-94d1-d9a310331f44&pf_rd_r=BFDE16KN366BBRMSNFFQ&pd_rd_wg=x0Wzb&pd_rd_r=2c7beb44-cbd6-4fb4-9b2e-17468b9658bc
https://www.amazon.in/Kashvi-Sarees-Georgette-Blouse-Combo_AS_1344_1152_1_Multicoloured_One/dp/B08JQGNFRJ/?_encoding=UTF8&pd_rd_w=jlDS0&content-id=amzn1.sym.8e4c52a6-7995-46e9-a21d-cb41d38617b0&pf_rd_p=8e4c52a6-7995-46e9-a21d-cb41d38617b0&pf_rd_r=BFDE16KN366BBRMSNFFQ&pd_rd_wg=x0Wzb&pd_rd_r=2c7beb44-cbd6-4fb4-9b2e-17468b9658bc&ref_=pd_gw_ls_gwc_pc_en2_
https://www.amazon.in/Womens-Maroon-Chinon-Flared-ZIKUCH3664ANDPA-XL/dp/B0BF5XRX7C/?_encoding=UTF8&pd_rd_w=jlDS0&content-id=amzn1.sym.8e4c52a6-7995-46e9-a21d-cb41d38617b0&pf_rd_p=8e4c52a6-7995-46e9-a21d-cb41d38617b0&pf_rd_r=BFDE16KN366BBRMSNFFQ&pd_rd_wg=x0Wzb&pd_rd_r=2c7beb44-cbd6-4fb4-9b2e-17468b9658bc&ref_=pd_gw_ls_gwc_pc_en2_
https://www.amazon.in/Vbuyz-Printed-Straight-Dupatta-VF-KU-1078-SKD-42/dp/B09BL2FG3C/?_encoding=UTF8&pd_rd_w=jlDS0&content-id=amzn1.sym.8e4c52a6-7995-46e9-a21d-cb41d38617b0&pf_rd_p=8e4c52a6-7995-46e9-a21d-cb41d38617b0&pf_rd_r=BFDE16KN366BBRMSNFFQ&pd_rd_wg=x0Wzb&pd_rd_r=2c7beb44-cbd6-4fb4-9b2e-17468b9658bc&ref_=pd_gw_ls_gwc_pc_en2_
https://www.amazon.in/Yufta-Womens-Printed-Palazzos-Dupatta/dp/B08X4RXD6N/?_encoding=UTF8&pd_rd_w=jlDS0&content-id=amzn1.sym.8e4c52a6-7995-46e9-a21d-cb41d38617b0&pf_rd_p=8e4c52a6-7995-46e9-a21d-cb41d38617b0&pf_rd_r=BFDE16KN366BBRMSNFFQ&pd_rd_wg=x0Wzb&pd_rd_r=2c7beb44-cbd6-4fb4-9b2e-17468b9658bc&ref_=pd_gw_ls_gwc_pc_en2_
https://www.amazon.in/Kashvi-Sarees-Georgette-Blouse-Combo_AS_1344_1152_1_Multicoloured_One/dp/B08JQGNFRJ/?_encoding=UTF8&pd_rd_w=jlDS0&content-id=amzn1.sym.8e4c52a6-7995-46e9-a21d-cb41d38617b0&pf_rd_p=8e4c52a6-7995-46e9-a21d-cb41d38617b0&pf_rd_r=BFDE16KN366BBRMSNFFQ&pd_rd_wg=x0Wzb&pd_rd_r=2c7beb44-cbd6-4fb4-9b2e-17468b9658bc&ref_=pd_gw_ls_gwc_pc_en2_
https://www.amazon.in/Womens-Maroon-Chinon-Flared-ZIKUCH3664ANDPA-XL/dp/B0BF5XRX7C/?_encoding=UTF8&pd_rd_w=jlDS0&content-id=amzn1.sym.8e4c52a6-7995-46e9-a21d-cb41d38617b0&pf_rd_p=8e4c52a6-7995-46e9-a21d-cb41d38617b0&pf_rd_r=BFDE16KN366BBRMSNFFQ&pd_rd_wg=x0Wzb&pd_rd_r=2c7beb44-cbd6-4fb4-9b2e-17468b9658bc&ref_=pd_gw_ls_gwc_pc_en2_
https://www.amazon.in/Vbuyz-Printed-Straight-Dupatta-VF-KU-1078-SKD-42/dp/B09BL2FG3C/?_encoding=UTF8&pd_rd_w=jlDS0&content-id=amzn1.sym.8e4c52a6-7995-46e9-a21d-cb41d38617b0&pf_rd_p=8e4c52a6-7995-46e9-a21d-cb41d38617b0&pf_rd_r=BFDE16KN366BBRMSNFFQ&pd_rd_wg=x0Wzb&pd_rd_r=2c7beb44-cbd6-4fb4-9b2e-17468b9658bc&ref_=pd_gw_ls_gwc_pc_en2_
https://www.amazon.in/Yufta-Womens-Printed-Palazzos-Dupatta/dp/B08X4RXD6N/?_encoding=UTF8&pd_rd_w=jlDS0&content-id=amzn1.sym.8e4c52a6-7995-46e9-a21d-cb41d38617b0&pf_rd_p=8e4c52a6-7995-46e9-a21d-cb41d38617b0&pf_rd_r=BFDE16KN366BBRMSNFFQ&pd_rd_wg=x0Wzb&pd_rd_r=2c7beb44-cbd6-4fb4-9b2e-17468b9658bc&ref_=pd_gw_ls_gwc_pc_en2_
https://www.amazon.in/deal/f40dbb69?showVariations=true&moreDeals=4cba0240%2Cc15423bd%2C9f0bbdc3%2Cebf16110%2Caebe29f2%2C1d07adba%2Cc7f50333%2Cd4ca38f2%2Cf1f6a2de%2C6f02668b%2C9e8760a1%2Cf541389d%2C30bbf8e1%2C244f2972%2Cd998a222%2C75de6060%2C4c0b343b%2Ceed63efa%2C68c85be2%2C6112f25a&smid=AT95IG9ONZD7S&dealid=f40dbb69&pf_rd_p=ea3ddfcb-3d3d-46c1-b56d-aea7bcaaaa91&pf_rd_s=mobile-hybrid-1&pf_rd_t=30901&pf_rd_i=26214841031&pf_rd_m=A1VBAL9TL5WCBF&pf_rd_r=BQ4NTBH98XTTW8ZSPX1C&pd_rd_w=NhcVI&content-id=amzn1.sym.ab15ef47-f97b-4803-ae90-599bc852353c&pf_rd_p=ab15ef47-f97b-4803-ae90-599bc852353c&pf_rd_r=BFDE16KN366BBRMSNFFQ&pd_rd_wg=x0Wzb&pd_rd_r=2c7beb44-cbd6-4fb4-9b2e-17468b9658bc
https://www.amazon.in/Bosch-Aquatak-125-1500-Watt-Pressure/dp/B07BLCWPNR/?_encoding=UTF8&pd_rd_w=NhcVI&content-id=amzn1.sym.ab15ef47-f97b-4803-ae90-599bc852353c&pf_rd_p=ab15ef47-f97b-4803-ae90-599bc852353c&pf_rd_r=BFDE16KN366BBRMSNFFQ&pd_rd_wg=x0Wzb&pd_rd_r=2c7beb44-cbd6-4fb4-9b2e-17468b9658bc&ref_=pd_gw_ref_a890f1a2-d962-43a5-9b2e-7ebca173df94
https://www.amazon.in/Bergmann-Typhoon-Tyre-Inflator-Blue/dp/B06XW683G2/?_encoding=UTF8&pd_rd_w=NhcVI&content-id=amzn1.sym.ab15ef47-f97b-4803-ae90-599bc852353c&pf_rd_p=ab15ef47-f97b-4803-ae90-599bc852353c&pf_rd_r=BFDE16KN366BBRMSNFFQ&pd_rd_wg=x0Wzb&pd_rd_r=2c7beb44-cbd6-4fb4-9b2e-17468b9658bc&ref_=pd_gw_ref_a890f1a2-d962-43a5-9b2e-7ebca173df94
https://www.amazon.in/BLACK-DECKER-1600Watt-Pressure-Washer/dp/B08513P16N/?_encoding=UTF8&pd_rd_w=NhcVI&content-id=amzn1.sym.ab15ef47-f97b-4803-ae90-599bc852353c&pf_rd_p=ab15ef47-f97b-4803-ae90-599bc852353c&pf_rd_r=BFDE16KN366BBRMSNFFQ&pd_rd_wg=x0Wzb&pd_rd_r=2c7beb44-cbd6-4fb4-9b2e-17468b9658bc&ref_=pd_gw_ref_a890f1a2-d962-43a5-9b2e-7ebca173df94
https://www.amazon.in/Vega-CRX-B-M-Flip-up-Helmet-Black/dp/B012DF4EUQ/?_encoding=UTF8&pd_rd_w=NhcVI&content-id=amzn1.sym.ab15ef47-f97b-4803-ae90-599bc852353c&pf_rd_p=ab15ef47-f97b-4803-ae90-599bc852353c&pf_rd_r=BFDE16KN366BBRMSNFFQ&pd_rd_wg=x0Wzb&pd_rd_r=2c7beb44-cbd6-4fb4-9b2e-17468b9658bc&ref_=pd_gw_ref_a890f1a2-d962-43a5-9b2e-7ebca173df94
https://www.amazon.in/Black-Decker-1600Watt-Pressure-Washer/dp/B07G9MPY1X/?_encoding=UTF8&pd_rd_w=NhcVI&content-id=amzn1.sym.ab15ef47-f97b-4803-ae90-599bc852353c&pf_rd_p=ab15ef47-f97b-4803-ae90-599bc852353c&pf_rd_r=BFDE16KN366BBRMSNFFQ&pd_rd_wg=x0Wzb&pd_rd_r=2c7beb44-cbd6-4fb4-9b2e-17468b9658bc&ref_=pd_gw_ref_a890f1a2-d962-43a5-9b2e-7ebca173df94
https://www.amazon.in/Vega-CRX-B-L-Flip-up-Helmet-Black/dp/B010M5MORO/?_encoding=UTF8&pd_rd_w=NhcVI&content-id=amzn1.sym.ab15ef47-f97b-4803-ae90-599bc852353c&pf_rd_p=ab15ef47-f97b-4803-ae90-599bc852353c&pf_rd_r=BFDE16KN366BBRMSNFFQ&pd_rd_wg=x0Wzb&pd_rd_r=2c7beb44-cbd6-4fb4-9b2e-17468b9658bc&ref_=pd_gw_ref_a890f1a2-d962-43a5-9b2e-7ebca173df94
https://www.amazon.in/Certified-Flip-Up-Helmet-Women-Clear/dp/B011GOY6HG/?_encoding=UTF8&pd_rd_w=NhcVI&content-id=amzn1.sym.ab15ef47-f97b-4803-ae90-599bc852353c&pf_rd_p=ab15ef47-f97b-4803-ae90-599bc852353c&pf_rd_r=BFDE16KN366BBRMSNFFQ&pd_rd_wg=x0Wzb&pd_rd_r=2c7beb44-cbd6-4fb4-9b2e-17468b9658bc&ref_=pd_gw_ref_a890f1a2-d962-43a5-9b2e-7ebca173df94
https://www.amazon.in/Bergmann-Typhoon-Digital-Heavy-Duty-Inflator/dp/B0877GBDQD/?_encoding=UTF8&pd_rd_w=NhcVI&content-id=amzn1.sym.ab15ef47-f97b-4803-ae90-599bc852353c&pf_rd_p=ab15ef47-f97b-4803-ae90-599bc852353c&pf_rd_r=BFDE16KN366BBRMSNFFQ&pd_rd_wg=x0Wzb&pd_rd_r=2c7beb44-cbd6-4fb4-9b2e-17468b9658bc&ref_=pd_gw_ref_a890f1a2-d962-43a5-9b2e-7ebca173df94
https://www.amazon.in/Bosch-Aquatak-130-1700-Watt-Pressure/dp/B07BLBD9DT/?_encoding=UTF8&pd_rd_w=NhcVI&content-id=amzn1.sym.ab15ef47-f97b-4803-ae90-599bc852353c&pf_rd_p=ab15ef47-f97b-4803-ae90-599bc852353c&pf_rd_r=BFDE16KN366BBRMSNFFQ&pd_rd_wg=x0Wzb&pd_rd_r=2c7beb44-cbd6-4fb4-9b2e-17468b9658bc&ref_=pd_gw_ref_a890f1a2-d962-43a5-9b2e-7ebca173df94
https://www.amazon.in/Solimo-102-Tyre-Inflator-Black/dp/B07FQ6QYF7/?_encoding=UTF8&pd_rd_w=NhcVI&content-id=amzn1.sym.ab15ef47-f97b-4803-ae90-599bc852353c&pf_rd_p=ab15ef47-f97b-4803-ae90-599bc852353c&pf_rd_r=BFDE16KN366BBRMSNFFQ&pd_rd_wg=x0Wzb&pd_rd_r=2c7beb44-cbd6-4fb4-9b2e-17468b9658bc&ref_=pd_gw_ref_a890f1a2-d962-43a5-9b2e-7ebca173df94
https://www.amazon.in/Bergmann-Stunner-Vacuum-Cleaner-Black/dp/B07HDXYKHL/?_encoding=UTF8&pd_rd_w=NhcVI&content-id=amzn1.sym.ab15ef47-f97b-4803-ae90-599bc852353c&pf_rd_p=ab15ef47-f97b-4803-ae90-599bc852353c&pf_rd_r=BFDE16KN366BBRMSNFFQ&pd_rd_wg=x0Wzb&pd_rd_r=2c7beb44-cbd6-4fb4-9b2e-17468b9658bc&ref_=pd_gw_ref_a890f1a2-d962-43a5-9b2e-7ebca173df94
https://www.amazon.in/Godrej-aer-Twist-Freshener-Fresh/dp/B00NNOE3BW/?_encoding=UTF8&pd_rd_w=NhcVI&content-id=amzn1.sym.ab15ef47-f97b-4803-ae90-599bc852353c&pf_rd_p=ab15ef47-f97b-4803-ae90-599bc852353c&pf_rd_r=BFDE16KN366BBRMSNFFQ&pd_rd_wg=x0Wzb&pd_rd_r=2c7beb44-cbd6-4fb4-9b2e-17468b9658bc&ref_=pd_gw_ref_a890f1a2-d962-43a5-9b2e-7ebca173df94
https://www.amazon.in/JOPASU-Jopasu-Car-Duster/dp/B00RJQ8XHU/?_encoding=UTF8&pd_rd_w=NhcVI&content-id=amzn1.sym.ab15ef47-f97b-4803-ae90-599bc852353c&pf_rd_p=ab15ef47-f97b-4803-ae90-599bc852353c&pf_rd_r=BFDE16KN366BBRMSNFFQ&pd_rd_wg=x0Wzb&pd_rd_r=2c7beb44-cbd6-4fb4-9b2e-17468b9658bc&ref_=pd_gw_ref_a890f1a2-d962-43a5-9b2e-7ebca173df94
https://www.amazon.in/Vega-Cliff-CLF-LK-M-Helmet-Black/dp/B00NXG86UE/?_encoding=UTF8&pd_rd_w=NhcVI&content-id=amzn1.sym.ab15ef47-f97b-4803-ae90-599bc852353c&pf_rd_p=ab15ef47-f97b-4803-ae90-599bc852353c&pf_rd_r=BFDE16KN366BBRMSNFFQ&pd_rd_wg=x0Wzb&pd_rd_r=2c7beb44-cbd6-4fb4-9b2e-17468b9658bc&ref_=pd_gw_ref_a890f1a2-d962-43a5-9b2e-7ebca173df94
https://www.amazon.in/3M-Interior-Cleaner-580-g/dp/B0183SZDTS/?_encoding=UTF8&pd_rd_w=NhcVI&content-id=amzn1.sym.ab15ef47-f97b-4803-ae90-599bc852353c&pf_rd_p=ab15ef47-f97b-4803-ae90-599bc852353c&pf_rd_r=BFDE16KN366BBRMSNFFQ&pd_rd_wg=x0Wzb&pd_rd_r=2c7beb44-cbd6-4fb4-9b2e-17468b9658bc&ref_=pd_gw_ref_a890f1a2-d962-43a5-9b2e-7ebca173df94
https://www.amazon.in/Vega-Cliff-CLF-LK-L-Helmet-Black/dp/B00NXG8AM8/?_encoding=UTF8&pd_rd_w=NhcVI&content-id=amzn1.sym.ab15ef47-f97b-4803-ae90-599bc852353c&pf_rd_p=ab15ef47-f97b-4803-ae90-599bc852353c&pf_rd_r=BFDE16KN366BBRMSNFFQ&pd_rd_wg=x0Wzb&pd_rd_r=2c7beb44-cbd6-4fb4-9b2e-17468b9658bc&ref_=pd_gw_ref_a890f1a2-d962-43a5-9b2e-7ebca173df94
https://www.amazon.in/3M-IA260166409-care-wash-Shampoo/dp/B00S5SA04U/?_encoding=UTF8&pd_rd_w=NhcVI&content-id=amzn1.sym.ab15ef47-f97b-4803-ae90-599bc852353c&pf_rd_p=ab15ef47-f97b-4803-ae90-599bc852353c&pf_rd_r=BFDE16KN366BBRMSNFFQ&pd_rd_wg=x0Wzb&pd_rd_r=2c7beb44-cbd6-4fb4-9b2e-17468b9658bc&ref_=pd_gw_ref_a890f1a2-d962-43a5-9b2e-7ebca173df94
https://www.amazon.in/Shell-Helix-550041109-Synthetic-Engine/dp/B00QK6PXPK/?_encoding=UTF8&pd_rd_w=NhcVI&content-id=amzn1.sym.ab15ef47-f97b-4803-ae90-599bc852353c&pf_rd_p=ab15ef47-f97b-4803-ae90-599bc852353c&pf_rd_r=BFDE16KN366BBRMSNFFQ&pd_rd_wg=x0Wzb&pd_rd_r=2c7beb44-cbd6-4fb4-9b2e-17468b9658bc&ref_=pd_gw_ref_a890f1a2-d962-43a5-9b2e-7ebca173df94
https://www.amazon.in/#
https://www.amazon.in/#
https://www.amazon.in/b?node=14311774031&pd_rd_w=rPwfu&content-id=amzn1.sym.895b1a84-8c45-4847-aba8-d1e054fee8d4&pf_rd_p=895b1a84-8c45-4847-aba8-d1e054fee8d4&pf_rd_r=BFDE16KN366BBRMSNFFQ&pd_rd_wg=x0Wzb&pd_rd_r=2c7beb44-cbd6-4fb4-9b2e-17468b9658bc
https://www.amazon.in/Thenga-Artisan-Coconut-Natural-Breakfast/dp/B08HHC8RSN/?_encoding=UTF8&pd_rd_w=rPwfu&content-id=amzn1.sym.895b1a84-8c45-4847-aba8-d1e054fee8d4&pf_rd_p=895b1a84-8c45-4847-aba8-d1e054fee8d4&pf_rd_r=BFDE16KN366BBRMSNFFQ&pd_rd_wg=x0Wzb&pd_rd_r=2c7beb44-cbd6-4fb4-9b2e-17468b9658bc&ref_=pd_gw_ref_259ed13c-8488-43cd-88d8-f73a88879cef
https://www.amazon.in/Platter-Ceramic-platters-Serving-Microwave/dp/B08JY9XYHC/?_encoding=UTF8&pd_rd_w=rPwfu&content-id=amzn1.sym.895b1a84-8c45-4847-aba8-d1e054fee8d4&pf_rd_p=895b1a84-8c45-4847-aba8-d1e054fee8d4&pf_rd_r=BFDE16KN366BBRMSNFFQ&pd_rd_wg=x0Wzb&pd_rd_r=2c7beb44-cbd6-4fb4-9b2e-17468b9658bc&ref_=pd_gw_ref_259ed13c-8488-43cd-88d8-f73a88879cef
https://www.amazon.in/Earthy-India-Exclusive-Breakfast-Serving/dp/B097YWFQMT/?_encoding=UTF8&pd_rd_w=rPwfu&content-id=amzn1.sym.895b1a84-8c45-4847-aba8-d1e054fee8d4&pf_rd_p=895b1a84-8c45-4847-aba8-d1e054fee8d4&pf_rd_r=BFDE16KN366BBRMSNFFQ&pd_rd_wg=x0Wzb&pd_rd_r=2c7beb44-cbd6-4fb4-9b2e-17468b9658bc&ref_=pd_gw_ref_259ed13c-8488-43cd-88d8-f73a88879cef
https://www.amazon.in/pepme-Braided-Vintage-Placemat-Decoration/dp/B08PVY82H3/?_encoding=UTF8&pd_rd_w=rPwfu&content-id=amzn1.sym.895b1a84-8c45-4847-aba8-d1e054fee8d4&pf_rd_p=895b1a84-8c45-4847-aba8-d1e054fee8d4&pf_rd_r=BFDE16KN366BBRMSNFFQ&pd_rd_wg=x0Wzb&pd_rd_r=2c7beb44-cbd6-4fb4-9b2e-17468b9658bc&ref_=pd_gw_ref_259ed13c-8488-43cd-88d8-f73a88879cef
https://www.amazon.in/Thenga-Coconut-Friendly-Natural-Handmade/dp/B08GH9WSGJ/?_encoding=UTF8&pd_rd_w=rPwfu&content-id=amzn1.sym.895b1a84-8c45-4847-aba8-d1e054fee8d4&pf_rd_p=895b1a84-8c45-4847-aba8-d1e054fee8d4&pf_rd_r=BFDE16KN366BBRMSNFFQ&pd_rd_wg=x0Wzb&pd_rd_r=2c7beb44-cbd6-4fb4-9b2e-17468b9658bc&ref_=pd_gw_ref_259ed13c-8488-43cd-88d8-f73a88879cef
https://www.amazon.in/JASMEY-Serveware-Ceramic-Platter-Serving/dp/B08KHPC8XL/?_encoding=UTF8&pd_rd_w=rPwfu&content-id=amzn1.sym.895b1a84-8c45-4847-aba8-d1e054fee8d4&pf_rd_p=895b1a84-8c45-4847-aba8-d1e054fee8d4&pf_rd_r=BFDE16KN366BBRMSNFFQ&pd_rd_wg=x0Wzb&pd_rd_r=2c7beb44-cbd6-4fb4-9b2e-17468b9658bc&ref_=pd_gw_ref_259ed13c-8488-43cd-88d8-f73a88879cef
https://www.amazon.in/Pigeon-Stainless-Steel-Royal-Dinner/dp/B07F2M6C22/?_encoding=UTF8&pd_rd_w=rPwfu&content-id=amzn1.sym.895b1a84-8c45-4847-aba8-d1e054fee8d4&pf_rd_p=895b1a84-8c45-4847-aba8-d1e054fee8d4&pf_rd_r=BFDE16KN366BBRMSNFFQ&pd_rd_wg=x0Wzb&pd_rd_r=2c7beb44-cbd6-4fb4-9b2e-17468b9658bc&ref_=pd_gw_ref_259ed13c-8488-43cd-88d8-f73a88879cef
https://www.amazon.in/UMBRELLA-STORE-Candle-Tins-Making/dp/B09K588RKR/?_encoding=UTF8&pd_rd_w=rPwfu&content-id=amzn1.sym.895b1a84-8c45-4847-aba8-d1e054fee8d4&pf_rd_p=895b1a84-8c45-4847-aba8-d1e054fee8d4&pf_rd_r=BFDE16KN366BBRMSNFFQ&pd_rd_wg=x0Wzb&pd_rd_r=2c7beb44-cbd6-4fb4-9b2e-17468b9658bc&ref_=pd_gw_ref_259ed13c-8488-43cd-88d8-f73a88879cef
https://www.amazon.in/Homes-Ceramic-KULHAD-Tea-Mugs/dp/B083F3DCQK/?_encoding=UTF8&pd_rd_w=rPwfu&content-id=amzn1.sym.895b1a84-8c45-4847-aba8-d1e054fee8d4&pf_rd_p=895b1a84-8c45-4847-aba8-d1e054fee8d4&pf_rd_r=BFDE16KN366BBRMSNFFQ&pd_rd_wg=x0Wzb&pd_rd_r=2c7beb44-cbd6-4fb4-9b2e-17468b9658bc&ref_=pd_gw_ref_259ed13c-8488-43cd-88d8-f73a88879cef
https://www.amazon.in/Homes-Ceramic-Handmade-Serving-Plates/dp/B083F32VRC/?_encoding=UTF8&pd_rd_w=rPwfu&content-id=amzn1.sym.895b1a84-8c45-4847-aba8-d1e054fee8d4&pf_rd_p=895b1a84-8c45-4847-aba8-d1e054fee8d4&pf_rd_r=BFDE16KN366BBRMSNFFQ&pd_rd_wg=x0Wzb&pd_rd_r=2c7beb44-cbd6-4fb4-9b2e-17468b9658bc&ref_=pd_gw_ref_259ed13c-8488-43cd-88d8-f73a88879cef
https://www.amazon.in/JASMEY-Homes-Ceramic-Royal-Coffee/dp/B08JPK14MK/?_encoding=UTF8&pd_rd_w=rPwfu&content-id=amzn1.sym.895b1a84-8c45-4847-aba8-d1e054fee8d4&pf_rd_p=895b1a84-8c45-4847-aba8-d1e054fee8d4&pf_rd_r=BFDE16KN366BBRMSNFFQ&pd_rd_wg=x0Wzb&pd_rd_r=2c7beb44-cbd6-4fb4-9b2e-17468b9658bc&ref_=pd_gw_ref_259ed13c-8488-43cd-88d8-f73a88879cef
https://www.amazon.in/Handmade-Antibacterial-Reversible-Vegetables-Rectangle/dp/B08WWG5K2C/?_encoding=UTF8&pd_rd_w=rPwfu&content-id=amzn1.sym.895b1a84-8c45-4847-aba8-d1e054fee8d4&pf_rd_p=895b1a84-8c45-4847-aba8-d1e054fee8d4&pf_rd_r=BFDE16KN366BBRMSNFFQ&pd_rd_wg=x0Wzb&pd_rd_r=2c7beb44-cbd6-4fb4-9b2e-17468b9658bc&ref_=pd_gw_ref_259ed13c-8488-43cd-88d8-f73a88879cef
https://www.amazon.in/Shri-Handicrafts-Decorative-Coaster-Painting/dp/B08CV22ZVB/?_encoding=UTF8&pd_rd_w=rPwfu&content-id=amzn1.sym.895b1a84-8c45-4847-aba8-d1e054fee8d4&pf_rd_p=895b1a84-8c45-4847-aba8-d1e054fee8d4&pf_rd_r=BFDE16KN366BBRMSNFFQ&pd_rd_wg=x0Wzb&pd_rd_r=2c7beb44-cbd6-4fb4-9b2e-17468b9658bc&ref_=pd_gw_ref_259ed13c-8488-43cd-88d8-f73a88879cef
https://www.amazon.in/Miah-D%C3%A9cor-Handmade-Decal-Ceramic/dp/B07D67N3PQ/?_encoding=UTF8&pd_rd_w=rPwfu&content-id=amzn1.sym.895b1a84-8c45-4847-aba8-d1e054fee8d4&pf_rd_p=895b1a84-8c45-4847-aba8-d1e054fee8d4&pf_rd_r=BFDE16KN366BBRMSNFFQ&pd_rd_wg=x0Wzb&pd_rd_r=2c7beb44-cbd6-4fb4-9b2e-17468b9658bc&ref_=pd_gw_ref_259ed13c-8488-43cd-88d8-f73a88879cef
https://www.amazon.in/Creations-Premium-Sheesham-Coasters-Tumblers/dp/B09JLP1KF4/?_encoding=UTF8&pd_rd_w=rPwfu&content-id=amzn1.sym.895b1a84-8c45-4847-aba8-d1e054fee8d4&pf_rd_p=895b1a84-8c45-4847-aba8-d1e054fee8d4&pf_rd_r=BFDE16KN366BBRMSNFFQ&pd_rd_wg=x0Wzb&pd_rd_r=2c7beb44-cbd6-4fb4-9b2e-17468b9658bc&ref_=pd_gw_ref_259ed13c-8488-43cd-88d8-f73a88879cef
https://www.amazon.in/#
https://www.amazon.in/#
null
https://www.amazon.in/ANNI-DESIGNER-Pustak-Blue-Nw_L_White-Blue_Large/dp/B0BV6W7WWW/?_encoding=UTF8&pd_rd_w=bcETg&content-id=amzn1.sym.f1f8cdc6-a5d6-4268-8c12-1ccc947bb0d8&pf_rd_p=f1f8cdc6-a5d6-4268-8c12-1ccc947bb0d8&pf_rd_r=BFDE16KN366BBRMSNFFQ&pd_rd_wg=x0Wzb&pd_rd_r=2c7beb44-cbd6-4fb4-9b2e-17468b9658bc&ref_=pd_gw_zg_women_reftag
https://www.amazon.in/ANNI-DESIGNER-Straight-Printed-Yellow-NW_XL_Yellow_X-Large/dp/B0C8DJY6FZ/?_encoding=UTF8&pd_rd_w=bcETg&content-id=amzn1.sym.f1f8cdc6-a5d6-4268-8c12-1ccc947bb0d8&pf_rd_p=f1f8cdc6-a5d6-4268-8c12-1ccc947bb0d8&pf_rd_r=BFDE16KN366BBRMSNFFQ&pd_rd_wg=x0Wzb&pd_rd_r=2c7beb44-cbd6-4fb4-9b2e-17468b9658bc&ref_=pd_gw_zg_women_reftag
https://www.amazon.in/GoSriKi-Womens-Embroidered-Straight-Stho-White-Nw2-GS_M_White_Medium/dp/B0BVJ1PD38/?_encoding=UTF8&pd_rd_w=bcETg&content-id=amzn1.sym.f1f8cdc6-a5d6-4268-8c12-1ccc947bb0d8&pf_rd_p=f1f8cdc6-a5d6-4268-8c12-1ccc947bb0d8&pf_rd_r=BFDE16KN366BBRMSNFFQ&pd_rd_wg=x0Wzb&pd_rd_r=2c7beb44-cbd6-4fb4-9b2e-17468b9658bc&ref_=pd_gw_zg_women_reftag
https://www.amazon.in/MEERA-FAB-Printed-Anarkali-Palazzo/dp/B0BTX2YD4R/?_encoding=UTF8&pd_rd_w=bcETg&content-id=amzn1.sym.f1f8cdc6-a5d6-4268-8c12-1ccc947bb0d8&pf_rd_p=f1f8cdc6-a5d6-4268-8c12-1ccc947bb0d8&pf_rd_r=BFDE16KN366BBRMSNFFQ&pd_rd_wg=x0Wzb&pd_rd_r=2c7beb44-cbd6-4fb4-9b2e-17468b9658bc&ref_=pd_gw_zg_women_reftag
https://www.amazon.in/b/?_encoding=UTF8&node=11599648031&pd_rd_w=gVdjE&content-id=amzn1.sym.897fd410-33e9-4bd0-ad0f-a0b2dc0bafca&pf_rd_p=897fd410-33e9-4bd0-ad0f-a0b2dc0bafca&pf_rd_r=BFDE16KN366BBRMSNFFQ&pd_rd_wg=x0Wzb&pd_rd_r=2c7beb44-cbd6-4fb4-9b2e-17468b9658bc&ref_=pd_gw_unk
https://www.amazon.in/b/?_encoding=UTF8&node=1375458031&pd_rd_w=gVdjE&content-id=amzn1.sym.897fd410-33e9-4bd0-ad0f-a0b2dc0bafca&pf_rd_p=897fd410-33e9-4bd0-ad0f-a0b2dc0bafca&pf_rd_r=BFDE16KN366BBRMSNFFQ&pd_rd_wg=x0Wzb&pd_rd_r=2c7beb44-cbd6-4fb4-9b2e-17468b9658bc&ref_=pd_gw_unk
https://www.amazon.in/b/?_encoding=UTF8&node=1375424031&pd_rd_w=gVdjE&content-id=amzn1.sym.897fd410-33e9-4bd0-ad0f-a0b2dc0bafca&pf_rd_p=897fd410-33e9-4bd0-ad0f-a0b2dc0bafca&pf_rd_r=BFDE16KN366BBRMSNFFQ&pd_rd_wg=x0Wzb&pd_rd_r=2c7beb44-cbd6-4fb4-9b2e-17468b9658bc&ref_=pd_gw_unk
https://www.amazon.in/b/?_encoding=UTF8&node=1375425031&pd_rd_w=gVdjE&content-id=amzn1.sym.897fd410-33e9-4bd0-ad0f-a0b2dc0bafca&pf_rd_p=897fd410-33e9-4bd0-ad0f-a0b2dc0bafca&pf_rd_r=BFDE16KN366BBRMSNFFQ&pd_rd_wg=x0Wzb&pd_rd_r=2c7beb44-cbd6-4fb4-9b2e-17468b9658bc&ref_=pd_gw_unk
https://www.amazon.in/b/?_encoding=UTF8&node=976392031&pd_rd_w=gVdjE&content-id=amzn1.sym.897fd410-33e9-4bd0-ad0f-a0b2dc0bafca&pf_rd_p=897fd410-33e9-4bd0-ad0f-a0b2dc0bafca&pf_rd_r=BFDE16KN366BBRMSNFFQ&pd_rd_wg=x0Wzb&pd_rd_r=2c7beb44-cbd6-4fb4-9b2e-17468b9658bc&ref_=pd_gw_unk
https://www.amazon.in/minitv/tp/6e1b41d5-a024-4df8-8266-5be1b347e63c/?_encoding=UTF8&dplnk=Y&mtv_pt=gateway&refMarker=avod_in_desktop_all_na_gw_cc_btf_na_Rakshak&pd_rd_w=FzXaq&content-id=amzn1.sym.0e6a34cd-e5dc-4b27-8b7d-ea0313608690&pf_rd_p=0e6a34cd-e5dc-4b27-8b7d-ea0313608690&pf_rd_r=BFDE16KN366BBRMSNFFQ&pd_rd_wg=x0Wzb&pd_rd_r=2c7beb44-cbd6-4fb4-9b2e-17468b9658bc&ref_=pd_gw_unk
https://www.amazon.in/minitv/?_encoding=UTF8&dplnk=Y&mtv_pt=gateway&refMarker=avod_in_desktop_all_na_gw_cc_btf_na_Rakshak&pd_rd_w=FzXaq&content-id=amzn1.sym.0e6a34cd-e5dc-4b27-8b7d-ea0313608690&pf_rd_p=0e6a34cd-e5dc-4b27-8b7d-ea0313608690&pf_rd_r=BFDE16KN366BBRMSNFFQ&pd_rd_wg=x0Wzb&pd_rd_r=2c7beb44-cbd6-4fb4-9b2e-17468b9658bc&ref_=pd_gw_unk
https://www.amazon.in/gcx/-/gfhz/events/?_encoding=UTF8&categoryId=gifts-for-men-in&pd_rd_w=gF1bF&content-id=amzn1.sym.a6b0571b-ab17-468a-bbab-7344e2761136&pf_rd_p=a6b0571b-ab17-468a-bbab-7344e2761136&pf_rd_r=BFDE16KN366BBRMSNFFQ&pd_rd_wg=x0Wzb&pd_rd_r=2c7beb44-cbd6-4fb4-9b2e-17468b9658bc&ref_=pd_gw_unk
https://www.amazon.in/gcx/-/gfhz/events/?_encoding=UTF8&categoryId=gifts-for-women-in&pd_rd_w=gF1bF&content-id=amzn1.sym.a6b0571b-ab17-468a-bbab-7344e2761136&pf_rd_p=a6b0571b-ab17-468a-bbab-7344e2761136&pf_rd_r=BFDE16KN366BBRMSNFFQ&pd_rd_wg=x0Wzb&pd_rd_r=2c7beb44-cbd6-4fb4-9b2e-17468b9658bc&ref_=pd_gw_unk
https://www.amazon.in/gcx/-/gfhz/events/?_encoding=UTF8&categoryId=gifts-for-boys-in&pd_rd_w=gF1bF&content-id=amzn1.sym.a6b0571b-ab17-468a-bbab-7344e2761136&pf_rd_p=a6b0571b-ab17-468a-bbab-7344e2761136&pf_rd_r=BFDE16KN366BBRMSNFFQ&pd_rd_wg=x0Wzb&pd_rd_r=2c7beb44-cbd6-4fb4-9b2e-17468b9658bc&ref_=pd_gw_unk
https://www.amazon.in/gcx/-/gfhz/events/?_encoding=UTF8&categoryId=gifts-for-girls-in&pd_rd_w=gF1bF&content-id=amzn1.sym.a6b0571b-ab17-468a-bbab-7344e2761136&pf_rd_p=a6b0571b-ab17-468a-bbab-7344e2761136&pf_rd_r=BFDE16KN366BBRMSNFFQ&pd_rd_wg=x0Wzb&pd_rd_r=2c7beb44-cbd6-4fb4-9b2e-17468b9658bc&ref_=pd_gw_unk
https://www.amazon.in/gcx/Birthday-store/gfhz/events/?_encoding=UTF8&canBeGiftWrapped=false&categoryId=birthday-store-in&isLimitedTimeOffer=false&isPrime=false&pd_rd_w=gF1bF&content-id=amzn1.sym.a6b0571b-ab17-468a-bbab-7344e2761136&pf_rd_p=a6b0571b-ab17-468a-bbab-7344e2761136&pf_rd_r=BFDE16KN366BBRMSNFFQ&pd_rd_wg=x0Wzb&pd_rd_r=2c7beb44-cbd6-4fb4-9b2e-17468b9658bc&ref_=pd_gw_unk
https://www.amazon.in/live/ref=gw_l_live
null
https://affiliate-program.amazon.in/influencers
null
null
https://www.amazon.in/b?node=28253258031&pd_rd_w=qXiL4&content-id=amzn1.sym.dfb6d5f9-08e7-465a-bf17-97e1ae340610&pf_rd_p=dfb6d5f9-08e7-465a-bf17-97e1ae340610&pf_rd_r=BFDE16KN366BBRMSNFFQ&pd_rd_wg=x0Wzb&pd_rd_r=2c7beb44-cbd6-4fb4-9b2e-17468b9658bc
https://www.amazon.in/Kenwood-JMP400WH-Press-juicer-White/dp/B07GFRGG2M/?_encoding=UTF8&pd_rd_w=qXiL4&content-id=amzn1.sym.dfb6d5f9-08e7-465a-bf17-97e1ae340610&pf_rd_p=dfb6d5f9-08e7-465a-bf17-97e1ae340610&pf_rd_r=BFDE16KN366BBRMSNFFQ&pd_rd_wg=x0Wzb&pd_rd_r=2c7beb44-cbd6-4fb4-9b2e-17468b9658bc&ref_=pd_gw_ls_gwc_pc_en5_
https://www.amazon.in/Ikarus-Frother-Stand-Black-Colour/dp/B08KFLX6BC/?_encoding=UTF8&pd_rd_w=qXiL4&content-id=amzn1.sym.dfb6d5f9-08e7-465a-bf17-97e1ae340610&pf_rd_p=dfb6d5f9-08e7-465a-bf17-97e1ae340610&pf_rd_r=BFDE16KN366BBRMSNFFQ&pd_rd_wg=x0Wzb&pd_rd_r=2c7beb44-cbd6-4fb4-9b2e-17468b9658bc&ref_=pd_gw_ls_gwc_pc_en5_
https://www.amazon.in/Philips-HL1631-Juicer-Mixer-Grinder/dp/B01CZNGFC6/?_encoding=UTF8&pd_rd_w=qXiL4&content-id=amzn1.sym.dfb6d5f9-08e7-465a-bf17-97e1ae340610&pf_rd_p=dfb6d5f9-08e7-465a-bf17-97e1ae340610&pf_rd_r=BFDE16KN366BBRMSNFFQ&pd_rd_wg=x0Wzb&pd_rd_r=2c7beb44-cbd6-4fb4-9b2e-17468b9658bc&ref_=pd_gw_ls_gwc_pc_en5_
https://www.amazon.in/KENSTAR-TUFEE-Stainless-Mutlitfunctional-Grinder_Black/dp/B09HBJVLG6/?_encoding=UTF8&pd_rd_w=qXiL4&content-id=amzn1.sym.dfb6d5f9-08e7-465a-bf17-97e1ae340610&pf_rd_p=dfb6d5f9-08e7-465a-bf17-97e1ae340610&pf_rd_r=BFDE16KN366BBRMSNFFQ&pd_rd_wg=x0Wzb&pd_rd_r=2c7beb44-cbd6-4fb4-9b2e-17468b9658bc&ref_=pd_gw_ls_gwc_pc_en5_
https://www.amazon.in/Hindware-Delfina-Plus-60-1100/dp/B07QCBXW59/?_encoding=UTF8&pd_rd_w=qXiL4&content-id=amzn1.sym.dfb6d5f9-08e7-465a-bf17-97e1ae340610&pf_rd_p=dfb6d5f9-08e7-465a-bf17-97e1ae340610&pf_rd_r=BFDE16KN366BBRMSNFFQ&pd_rd_wg=x0Wzb&pd_rd_r=2c7beb44-cbd6-4fb4-9b2e-17468b9658bc&ref_=pd_gw_ls_gwc_pc_en5_
https://www.amazon.in/Skyline-Stainless-Electric-Kettle-5006/dp/B085FYCMFH/?_encoding=UTF8&pd_rd_w=qXiL4&content-id=amzn1.sym.dfb6d5f9-08e7-465a-bf17-97e1ae340610&pf_rd_p=dfb6d5f9-08e7-465a-bf17-97e1ae340610&pf_rd_r=BFDE16KN366BBRMSNFFQ&pd_rd_wg=x0Wzb&pd_rd_r=2c7beb44-cbd6-4fb4-9b2e-17468b9658bc&ref_=pd_gw_ls_gwc_pc_en5_
https://www.amazon.in/IFB-656-MTC-Convection-Silver/dp/B09P6KLX37/?_encoding=UTF8&pd_rd_w=qXiL4&content-id=amzn1.sym.dfb6d5f9-08e7-465a-bf17-97e1ae340610&pf_rd_p=dfb6d5f9-08e7-465a-bf17-97e1ae340610&pf_rd_r=BFDE16KN366BBRMSNFFQ&pd_rd_wg=x0Wzb&pd_rd_r=2c7beb44-cbd6-4fb4-9b2e-17468b9658bc&ref_=pd_gw_ls_gwc_pc_en5_
https://www.amazon.in/Bosch-Built-Single-Stainless-HBN534BS0Z/dp/B07MP4V98W/?_encoding=UTF8&pd_rd_w=qXiL4&content-id=amzn1.sym.dfb6d5f9-08e7-465a-bf17-97e1ae340610&pf_rd_p=dfb6d5f9-08e7-465a-bf17-97e1ae340610&pf_rd_r=BFDE16KN366BBRMSNFFQ&pd_rd_wg=x0Wzb&pd_rd_r=2c7beb44-cbd6-4fb4-9b2e-17468b9658bc&ref_=pd_gw_ls_gwc_pc_en5_
https://www.amazon.in/Glen-SA-3041-1230-Watt-Digital-Fryer/dp/B00NZNGB2A/?_encoding=UTF8&pd_rd_w=qXiL4&content-id=amzn1.sym.dfb6d5f9-08e7-465a-bf17-97e1ae340610&pf_rd_p=dfb6d5f9-08e7-465a-bf17-97e1ae340610&pf_rd_r=BFDE16KN366BBRMSNFFQ&pd_rd_wg=x0Wzb&pd_rd_r=2c7beb44-cbd6-4fb4-9b2e-17468b9658bc&ref_=pd_gw_ls_gwc_pc_en5_
https://www.amazon.in/Oblivion-Manual-Blender-Stainless-Blades/dp/B096KR63X8/?_encoding=UTF8&pd_rd_w=qXiL4&content-id=amzn1.sym.dfb6d5f9-08e7-465a-bf17-97e1ae340610&pf_rd_p=dfb6d5f9-08e7-465a-bf17-97e1ae340610&pf_rd_r=BFDE16KN366BBRMSNFFQ&pd_rd_wg=x0Wzb&pd_rd_r=2c7beb44-cbd6-4fb4-9b2e-17468b9658bc&ref_=pd_gw_ls_gwc_pc_en5_
https://www.amazon.in/Skyline-Electric-Kettle-5009-Orange/dp/B083GQM8C5/?_encoding=UTF8&pd_rd_w=qXiL4&content-id=amzn1.sym.dfb6d5f9-08e7-465a-bf17-97e1ae340610&pf_rd_p=dfb6d5f9-08e7-465a-bf17-97e1ae340610&pf_rd_r=BFDE16KN366BBRMSNFFQ&pd_rd_wg=x0Wzb&pd_rd_r=2c7beb44-cbd6-4fb4-9b2e-17468b9658bc&ref_=pd_gw_ls_gwc_pc_en5_
https://www.amazon.in/Hindware-Jupiter-Neo60/dp/B07QD9PH52/?_encoding=UTF8&pd_rd_w=qXiL4&content-id=amzn1.sym.dfb6d5f9-08e7-465a-bf17-97e1ae340610&pf_rd_p=dfb6d5f9-08e7-465a-bf17-97e1ae340610&pf_rd_r=BFDE16KN366BBRMSNFFQ&pd_rd_wg=x0Wzb&pd_rd_r=2c7beb44-cbd6-4fb4-9b2e-17468b9658bc&ref_=pd_gw_ls_gwc_pc_en5_
https://www.amazon.in/Oblivion-household-purposes-beverages-Multi-color/dp/B0BX47MSWB/?_encoding=UTF8&pd_rd_w=qXiL4&content-id=amzn1.sym.dfb6d5f9-08e7-465a-bf17-97e1ae340610&pf_rd_p=dfb6d5f9-08e7-465a-bf17-97e1ae340610&pf_rd_r=BFDE16KN366BBRMSNFFQ&pd_rd_wg=x0Wzb&pd_rd_r=2c7beb44-cbd6-4fb4-9b2e-17468b9658bc&ref_=pd_gw_ls_gwc_pc_en5_
https://www.amazon.in/Bosch-Serie-built-oven-hotair/dp/B07Q4WZWZQ/?_encoding=UTF8&pd_rd_w=qXiL4&content-id=amzn1.sym.dfb6d5f9-08e7-465a-bf17-97e1ae340610&pf_rd_p=dfb6d5f9-08e7-465a-bf17-97e1ae340610&pf_rd_r=BFDE16KN366BBRMSNFFQ&pd_rd_wg=x0Wzb&pd_rd_r=2c7beb44-cbd6-4fb4-9b2e-17468b9658bc&ref_=pd_gw_ls_gwc_pc_en5_
https://www.amazon.in/#
https://www.amazon.in/#
[...]
https://www.amazon.es/ref=footer_es
https://www.amazon.com.tr/ref=footer_tr
https://www.amazon.ae/ref=footer_ae
https://www.amazon.co.uk/ref=footer_uk
https://www.amazon.com/ref=footer_us
https://www.abebooks.com/
https://aws.amazon.com/what-is-cloud-computing/?sc_channel=EL&sc_campaign=IN_amazonfooter
https://www.audible.in/
https://www.dpreview.com/
https://www.imdb.com/
https://www.shopbop.com/
https://www.amazon.in/business?ref=footer_aingw
https://www.amazon.in/now?ref=footer_amznow
https://www.amazon.in/music/prime?ref=footer_apm
https://www.amazon.in/gp/help/customer/display.html?nodeId=200545940&ref_=footer_cou
https://www.amazon.in/gp/help/customer/display.html?nodeId=200534380&ref_=footer_privacy
https://www.amazon.in/gp/help/customer/display.html?nodeId=202075050&ref_=footer_iba
count1
https://fls-eu.amazon.in/1/batch/1/OP/A21TJRUUN4KGV:262-1632520-5459144:BFDE16KN366BBRMSNFFQ$uedata=s:%2Frd%2Fuedata%3Fstaticb%26id%3DBFDE16KN366BBRMSNFFQ:0
https://m.media-amazon.com/images/G/31/gno/sprites/nav-sprite-global-1x-hm-dsk-reorg._CB405936311_.png
https://m.media-amazon.com/images/G/31/Gateway_IN/testing/NewLaunches_400x39._CB593645585_.jpg
https://images-eu.ssl-images-amazon.com/images/G/31/img22/Toys/GW/GW-Hero-PC_BBAug23_Soft-toys_with-Apay_Lifestyle_2x._CB597740150_.jpg
https://images-eu.ssl-images-amazon.com/images/G/31/img2020/img21/apparelGW/julyatf23/unrec/one/KA_3000._CB598906425_.jpg
https://images-eu.ssl-images-amazon.com/images/G/31/2023/GateWay/August/Unrec/PC1._CB598223457_.jpg
https://images-eu.ssl-images-amazon.com/images/G/31/img23/PCA/GW/Rakhi/rakhi-hero-pca-pc-2X._CB598665822_.jpg
https://images-eu.ssl-images-amazon.com/images/G/31/img22/Unrec/TallHero_3000X1200_Unrec._CB593464763_.jpg
https://images-eu.ssl-images-amazon.com/images/G/31/img21/Wireless/Shreyansh/BAU/Unrexc/D70978891_INWLD_BAU_Unrec_Uber_PC_Hero_3000x1200._CB594707876_.jpg
https://images-eu.ssl-images-amazon.com/images/G/31/img23/Softlines_JWL_SH_GW_Assets/Aug_23/Unrec/OneCard_montlyoffrer/Sports/Rev/Sports_3000._CB598645182_.jpg
https://images-eu.ssl-images-amazon.com/images/G/31/OHL/23/Central/BAU/Unrec/Aug/PC_hero_1_2x._CB598642188_.jpg
https://images-eu.ssl-images-amazon.com/images/G/31/img22/Electronics/Clearance/Clearance_store_Desktop_CC_1x._SY304_CB628315133_.jpg
https://images-eu.ssl-images-amazon.com/images/G/31/img22/Fashion/Gateway/BAU/BTF-Refresh/May/PF_MF/MF-1-186-116._SY116_CB636110853_.jpg
https://images-eu.ssl-images-amazon.com/images/G/31/img22/Fashion/Gateway/BAU/BTF-Refresh/May/PF_MF/MF-2-186-116._SY116_CB636110853_.jpg
https://images-eu.ssl-images-amazon.com/images/G/31/img22/Fashion/Gateway/BAU/BTF-Refresh/May/PF_MF/MF-3-186-116._SY116_CB636110853_.jpg
https://images-eu.ssl-images-amazon.com/images/G/31/img22/Fashion/Gateway/BAU/BTF-Refresh/May/PF_MF/MF-4-186-116._SY116_CB636110853_.jpg
https://images-eu.ssl-images-amazon.com/images/G/31/IMG20/Home/2021/GW/MSO/April/372x232_1_Low._SY116_CB670263840_.jpg
https://images-eu.ssl-images-amazon.com/images/G/31/IMG20/Home/2021/GW/MSO/April/372x232_2_Low._SY116_CB670263840_.jpg
https://images-eu.ssl-images-amazon.com/images/G/31/IMG20/Home/2021/GW/MSO/April/372x232_3_Low._SY116_CB670263840_.jpg
https://images-eu.ssl-images-amazon.com/images/G/31/IMG20/Home/2021/GW/MSO/April/372x232_4_Low._SY116_CB670263840_.jpg
https://images-eu.ssl-images-amazon.com/images/G/31/img23/HI/SYED/ATF/QC-adapts_186x116_4._SY116_CB600489960_.jpg
https://images-eu.ssl-images-amazon.com/images/G/31/img23/HI/SYED/ATF/QC-adapts_186x116_3._SY116_CB600489960_.jpg
https://images-eu.ssl-images-amazon.com/images/G/31/img23/HI/SYED/ATF/QC-adapts_186x116_7._SY116_CB600489960_.jpg
https://images-eu.ssl-images-amazon.com/images/G/31/img23/HI/SYED/ATF/QC-adapts_186x116_5._SY116_CB600489960_.jpg
https://images-eu.ssl-images-amazon.com/images/G/31/IMG15/Irfan/GATEWAY/MSO/Appliances-QC-PC-186x116--B08RDL6H79._SY116_CB667322346_.jpg
https://images-eu.ssl-images-amazon.com/images/G/31/IMG15/Irfan/GATEWAY/MSO/Appliances-QC-PC-186x116--B08345R1ZW._SY116_CB667322346_.jpg
https://images-eu.ssl-images-amazon.com/images/G/31/IMG15/Irfan/GATEWAY/MSO/Appliances-QC-PC-186x116--B07G5J5FYP._SY116_CB667322346_.jpg
https://images-eu.ssl-images-amazon.com/images/G/31/IMG15/Irfan/GATEWAY/MSO/186x116---wm._SY116_CB667322346_.jpg
https://images-eu.ssl-images-amazon.com/images/G/31/img22/Fashion/Gateway/BAU/BTF-Refresh/May/PC_WF/WF1-186-116._SY116_CB636048992_.jpg
https://images-eu.ssl-images-amazon.com/images/G/31/img22/Fashion/Gateway/BAU/BTF-Refresh/May/PC_WF/WF2-186-116._SY116_CB636048992_.jpg
https://images-eu.ssl-images-amazon.com/images/G/31/img22/Fashion/Gateway/BAU/BTF-Refresh/May/PC_WF/WF4-186-116._SY116_CB636048992_.jpg
https://images-eu.ssl-images-amazon.com/images/G/31/img22/Fashion/Gateway/BAU/BTF-Refresh/May/PC_WF/WF3-186-116._SY116_CB636048992_.jpg
https://images-eu.ssl-images-amazon.com/images/G/31/img21/Pharmacy/GW/2023/WK32/PC_CC_Set_375X304_01_AP._SY304_CB598135139_.jpg
https://images-eu.ssl-images-amazon.com/images/G/31/img17/Auto/2020/GW/PCQC/Glasscare1X._SY116_CB410830553_.jpg
https://images-eu.ssl-images-amazon.com/images/G/31/img17/Auto/2020/GW/PCQC/Rim_tyrecare1x._SY116_CB410830552_.jpg
https://images-eu.ssl-images-amazon.com/images/G/31/img17/Auto/2020/GW/PCQC/Vega_helmet_186x116._SY116_CB405090404_.jpg
https://images-eu.ssl-images-amazon.com/images/G/31/img17/Auto/2020/GW/PCQC/Vaccum1x._SY116_CB410830552_.jpg
https://images-eu.ssl-images-amazon.com/images/G/31/IMG15/Irfan/GATEWAY/MSO/Appliances-QC-PC-186x116--B08RDL6H79._SY116_CB667322346_.jpg
https://images-eu.ssl-images-amazon.com/images/G/31/IMG15/Irfan/GATEWAY/MSO/Appliances-QC-PC-186x116--B08345R1ZW._SY116_CB667322346_.jpg
https://images-eu.ssl-images-amazon.com/images/G/31/IMG15/Irfan/GATEWAY/MSO/Appliances-QC-PC-186x116--B07G5J5FYP._SY116_CB667322346_.jpg
https://images-eu.ssl-images-amazon.com/images/G/31/IMG15/Irfan/GATEWAY/MSO/186x116---wm._SY116_CB667322346_.jpg
https://m.media-amazon.com/images/I/31XKaSyc+IL._AC_SY200_.jpg
https://m.media-amazon.com/images/I/51o13K4h3-L._AC_SY200_.jpg
https://m.media-amazon.com/images/I/81TBkVDGeGL._AC_SY200_.jpg
https://m.media-amazon.com/images/I/51dtEUJ0gbL._AC_SY200_.jpg
https://m.media-amazon.com/images/I/71k56DG8hsL._AC_SY200_.png
https://m.media-amazon.com/images/I/91KPzoAe-eL._AC_SY200_.jpg
https://m.media-amazon.com/images/I/51kdwtY1KvL._AC_SY200_.jpg
https://m.media-amazon.com/images/I/31J0hoR2SpL._AC_SY200_.jpg
https://m.media-amazon.com/images/I/31i8GB3mD2L._AC_SY200_.jpg
https://m.media-amazon.com/images/I/41sx753+kXL._AC_SY200_.jpg
https://m.media-amazon.com/images/I/41pyFK774YL._AC_SY200_.jpg
https://m.media-amazon.com/images/I/51dtEUJ0gbL._AC_SY200_.jpg
https://m.media-amazon.com/images/I/41V5ycgiwEL._AC_SY200_.jpg
https://m.media-amazon.com/images/I/41lHFyDCD2L._AC_SY200_.jpg
https://m.media-amazon.com/images/I/41lzeiq75FL._AC_SY200_.jpg
https://m.media-amazon.com/images/I/61+5ukDxJfL._AC_SY200_.jpg
https://m.media-amazon.com/images/I/51KYEYoJ+hL._AC_SY200_.jpg
https://m.media-amazon.com/images/I/81R5EAUi09S._AC_SY200_.jpg
https://m.media-amazon.com/images/I/61I75V9jbvL._AC_SY200_.jpg
https://m.media-amazon.com/images/I/616EyYiIO4L._AC_SY200_.jpg
https://m.media-amazon.com/images/I/71k-LP4useS._AC_SY200_.jpg
https://m.media-amazon.com/images/I/61uTQSDyaZL._AC_SY200_.jpg
https://m.media-amazon.com/images/I/713TsCmJyPL._AC_SY200_.jpg
https://m.media-amazon.com/images/I/71t7gB6RdqS._AC_SY200_.jpg
https://m.media-amazon.com/images/I/51BeYs2vLRL._AC_SY200_.jpg
https://m.media-amazon.com/images/I/51p89IDVeQS._AC_SY200_.jpg
https://m.media-amazon.com/images/I/41VFHc-lFcL._AC_SY200_.jpg
https://m.media-amazon.com/images/I/71bsim5RLYL._AC_SY200_.jpg
https://m.media-amazon.com/images/I/51QD02O-DIL._AC_SY200_.jpg
https://m.media-amazon.com/images/I/91CjSklXU9L._AC_SY200_.jpg
https://m.media-amazon.com/images/I/610Lg50d1KL._AC_SY200_.jpg
https://m.media-amazon.com/images/I/61-K4+-qvjL._AC_SY200_.jpg
https://m.media-amazon.com/images/I/51zvGtoNI0L._AC_SY200_.jpg
https://m.media-amazon.com/images/I/61fD6N8mnOL._AC_SY200_.jpg
https://m.media-amazon.com/images/I/71ybzvJolqL._AC_SY200_.jpg
https://m.media-amazon.com/images/I/81mTMszf0rL._AC_SY200_.jpg
https://m.media-amazon.com/images/I/414dGjfpn7L._AC_SY200_.jpg
https://m.media-amazon.com/images/I/61qwOT7pdSL._AC_SY200_.jpg
https://m.media-amazon.com/images/I/61ORDp1zylL._AC_SY200_.jpg
https://m.media-amazon.com/images/I/813echvFWrL._AC_SY200_.jpg
https://m.media-amazon.com/images/I/51k2Vu75yaL._AC_SY200_.jpg
https://m.media-amazon.com/images/I/71zxQKVDnvL._AC_SY200_.jpg
https://m.media-amazon.com/images/I/81msh5EjXfL._AC_SY200_.jpg
https://m.media-amazon.com/images/I/51Jk19MCtML._AC_SY200_.jpg
https://m.media-amazon.com/images/I/61Mee0JzRDL._AC_SY200_.jpg
https://m.media-amazon.com/images/I/61HYds8LPPL._AC_SY200_.jpg
https://m.media-amazon.com/images/I/81Ez++SAlbL._AC_SY200_.jpg
https://m.media-amazon.com/images/I/71Nqqsr+TQL._AC_SY200_.jpg
https://m.media-amazon.com/images/I/61gHo11DYoL._AC_SY200_.jpg
https://m.media-amazon.com/images/I/41KZJHUhGfL._AC_SY200_.jpg
https://m.media-amazon.com/images/I/419QAJ-tInL._AC_SY200_.jpg
https://m.media-amazon.com/images/I/31-PlCBJupL._AC_SY200_.jpg
https://m.media-amazon.com/images/I/61KICZLkEIL._AC_SY200_.jpg
https://m.media-amazon.com/images/I/41aHy2pPfBL._AC_SY200_.jpg
https://m.media-amazon.com/images/I/71mMkRMJxJL._AC_SY200_.jpg
https://m.media-amazon.com/images/I/61EQcXFEjNL._AC_SY200_.jpg
https://m.media-amazon.com/images/I/71gAW9Ys5eL._AC_SY200_.jpg
https://m.media-amazon.com/images/I/61Q2r-PEFhL._AC_SY200_.jpg
https://m.media-amazon.com/images/I/6149PwKE7CL._AC_SY200_.jpg
https://m.media-amazon.com/images/I/71xiclojEeL._AC_SY200_.jpg
https://m.media-amazon.com/images/I/6153FimJaaL._AC_SY200_.jpg
https://m.media-amazon.com/images/I/81a7Hm19atL._AC_SY200_.jpg
https://m.media-amazon.com/images/I/81-Oo6YU4-L._AC_SY200_.jpg
https://m.media-amazon.com/images/I/31pp-aGWIlL._AC_SY200_.jpg
https://m.media-amazon.com/images/I/61FoVxgS+lL._AC_SY200_.jpg
https://m.media-amazon.com/images/I/51j6LdV4iXL._AC_SY200_.jpg
https://m.media-amazon.com/images/I/71eNS0xsX0L._AC_SY200_.jpg
https://m.media-amazon.com/images/I/31sLuz1D+iL._AC_SY200_.jpg
https://images-eu.ssl-images-amazon.com/images/G/31/img23/Softlines_JWL_SH_GW_Assets/All_QC_JWLSSH/Aug_14th/Shoes_low_res._SY116_CB598027569_.png
https://images-eu.ssl-images-amazon.com/images/G/31/img23/Softlines_JWL_SH_GW_Assets/All_QC_JWLSSH/Aug_14th/PCQC_Jewl_low_res._SY116_CB598027569_.png
https://images-eu.ssl-images-amazon.com/images/G/31/img23/Softlines_JWL_SH_GW_Assets/All_QC_JWLSSH/Aug_14th/PCQC_Watches_low_res._SY116_CB598027569_.jpg
https://images-eu.ssl-images-amazon.com/images/G/31/img23/Softlines_JWL_SH_GW_Assets/All_QC_JWLSSH/Aug_14th/PCQC_Lugg_low_res._SY116_CB598027569_.png
https://images-eu.ssl-images-amazon.com/images/G/31/img22/AmazonBrands/Bikram/Bikram1/WK_31_New_Launch_186_2._SY116_CB598840420_.jpg
https://images-eu.ssl-images-amazon.com/images/G/31/img22/AmazonBrands/Bikram/Bikram1/WK_31_New_Launch_186_1._SY116_CB598840420_.jpg
https://images-eu.ssl-images-amazon.com/images/G/31/img22/AmazonBrands/Bikram/Bikram1/WK_31_New_Launch_186_3._SY116_CB598840420_.jpg
https://images-eu.ssl-images-amazon.com/images/G/31/img22/AmazonBrands/Bikram/Bikram1/WK_31_New_Launch_186_4._SY116_CB598840420_.jpg
https://images-eu.ssl-images-amazon.com/images/G/31/img18/Fresh/GW/BTF_QCs/June23/T14/FNV/PC1/WEEK4/1._SY116_CB601940942_.jpg
https://images-eu.ssl-images-amazon.com/images/G/31/img18/Fresh/GW/BTF_QCs/June23/T14/FNV/PC1/WEEK4/2._SY116_CB601940942_.jpg
https://images-eu.ssl-images-amazon.com/images/G/31/img23/gw/fv/PC1/july23/FV_PC_03._SY116_CB601796139_.jpg
https://images-eu.ssl-images-amazon.com/images/G/31/img23/gw/fv/PC1/july23/FV_PC_04._SY116_CB601796139_.jpg
https://m.media-amazon.com/images/I/91L+iWKi6nL._AC_SY175_.jpg
https://m.media-amazon.com/images/I/91L+iWKi6nL._AC_SY55_.jpg
https://m.media-amazon.com/images/I/61JmZUFGXvL._AC_SY55_.jpg
https://m.media-amazon.com/images/I/81ZKAQ3p1HL._AC_SY55_.jpg
https://m.media-amazon.com/images/I/619HEnqnyaL._AC_SY55_.jpg
https://m.media-amazon.com/images/I/717wYrO+b0L._AC_SY200_.jpg
https://m.media-amazon.com/images/I/818kmzObgCL._AC_SY200_.jpg
https://m.media-amazon.com/images/I/71t9-9MtwkL._AC_SY200_.jpg
https://m.media-amazon.com/images/I/61eEetcCb9L._AC_SY200_.jpg
https://m.media-amazon.com/images/I/71fRFM4eMYS._AC_SY200_.jpg
https://m.media-amazon.com/images/I/61eEetcCb9L._AC_SY200_.jpg
https://m.media-amazon.com/images/I/51BXMsxaVoL._AC_SY200_.jpg
https://m.media-amazon.com/images/I/819Gt9Act8L._AC_SY200_.jpg
https://m.media-amazon.com/images/I/71b7UbPX72L._AC_SY200_.jpg
https://m.media-amazon.com/images/I/81icg54oMsL._AC_SY200_.jpg
https://m.media-amazon.com/images/I/71RVlMswpgL._AC_SY200_.jpg
https://m.media-amazon.com/images/I/61OeOSrwacL._AC_SY200_.jpg
https://m.media-amazon.com/images/I/61ge72aiPiL._AC_SY200_.jpg
https://m.media-amazon.com/images/I/613loUzm9WL._AC_SY200_.jpg
https://m.media-amazon.com/images/I/61zxhscfJxL._AC_SY200_.jpg
https://m.media-amazon.com/images/I/613loUzm9WL._AC_SY200_.jpg
https://m.media-amazon.com/images/I/61HWZntOkzL._AC_SY200_.jpg
https://m.media-amazon.com/images/I/71fNYZBh0HL._AC_SY200_.jpg
https://m.media-amazon.com/images/I/51MwAW6CsBL._AC_SY200_.jpg
https://m.media-amazon.com/images/I/71H0qjr+MXL._AC_SY200_.jpg
https://m.media-amazon.com/images/I/91dlOL8wI7L._AC_SY200_.jpg
https://m.media-amazon.com/images/I/91KeX8eRcjL._AC_SY200_.jpg
https://m.media-amazon.com/images/I/81PoU8gkKGL._AC_SY200_.jpg
https://m.media-amazon.com/images/I/61R7qqjSpkL._AC_SY200_.jpg
https://m.media-amazon.com/images/I/81LZmESnkdL._AC_SY200_.jpg
https://m.media-amazon.com/images/I/71xj-2HWaZL._AC_SY200_.jpg
https://m.media-amazon.com/images/I/816bbo0Rp9L._AC_SY200_.jpg
https://m.media-amazon.com/images/I/816Y1Ccd+VL._AC_SY200_.jpg
https://m.media-amazon.com/images/I/81eKY6HhVML._AC_SY200_.jpg
https://m.media-amazon.com/images/I/91UtRcrZkdL._AC_SY200_.jpg
https://m.media-amazon.com/images/I/61uSBWp83IL._AC_SY200_.jpg
https://m.media-amazon.com/images/I/71YquQalvOL._AC_SY200_.jpg
https://m.media-amazon.com/images/I/61WQTqzVpwL._AC_SY200_.jpg
https://m.media-amazon.com/images/I/61q-JREtrAL._AC_SY170_.jpg
https://m.media-amazon.com/images/I/61IJjk5IsyL._AC_SY170_.jpg
https://m.media-amazon.com/images/I/51dZ19miAbL._AC_SY170_.jpg
https://m.media-amazon.com/images/I/71T-yPIj-sL._AC_SY170_.jpg
https://images-eu.ssl-images-amazon.com/images/G/31/img21/PC/Computers/GW/DBQC/D21343116_IN_CEPC_BAU_GW_graphics_March21_dbqc0.5x_5._SY116_CB655805757_.jpg
https://images-eu.ssl-images-amazon.com/images/G/31/img21/PC/Computers/GW/DBQC/D21343116_IN_CEPC_BAU_GW_graphics_March21_dbqc0.5x_6._SY116_CB655805757_.jpg
https://images-eu.ssl-images-amazon.com/images/G/31/img21/PC/Computers/GW/DBQC/D21343116_IN_CEPC_BAU_GW_graphics_March21_dbqc0.5x_7._SY116_CB655805757_.jpg
https://images-eu.ssl-images-amazon.com/images/G/31/img21/PC/Computers/GW/DBQC/D21343116_IN_CEPC_BAU_GW_graphics_March21_dbqc0.5x_8._SY116_CB655805757_.jpg
https://images-eu.ssl-images-amazon.com/images/G/31/img17/Home/AmazonTV/Rakshak/PC_CC/DeskCC-379x304_Rakshak_V2._SY304_CB598050054_.jpg
https://images-eu.ssl-images-amazon.com/images/G/31/img20/Events/GWBdaystore/Artboard_1QC2_1x._SY116_CB662999955_.jpg
https://images-eu.ssl-images-amazon.com/images/G/31/img20/Events/GWBdaystore/Artboard_2QC2_1x._SY116_CB662999955_.jpg
https://images-eu.ssl-images-amazon.com/images/G/31/img20/Events/GWBdaystore/Artboard_3QC2_1x._SY116_CB662999955_.jpg
https://images-eu.ssl-images-amazon.com/images/G/31/img20/Events/GWBdaystore/Artboard_4QC2_1x._SY116_CB662999955_.jpg
https://m.media-amazon.com/images/I/71nS1S-QmvL._AC_SY200_.jpg
https://m.media-amazon.com/images/I/218nRhdcQSL._AC_SY200_.jpg
https://m.media-amazon.com/images/I/618DuLYpLcL._AC_SY200_.jpg
https://m.media-amazon.com/images/I/71F05eI7jHL._AC_SY200_.jpg
https://m.media-amazon.com/images/I/31AopZvS0YL._AC_SY200_.jpg
https://m.media-amazon.com/images/I/71FZUAFOgaL._AC_SY200_.jpg
https://m.media-amazon.com/images/I/31-YoQWiqfL._AC_SY200_.jpg
https://m.media-amazon.com/images/I/71uqrkg4zFL._AC_SY200_.jpg
https://m.media-amazon.com/images/I/51REvoRD7cL._AC_SY200_.jpg
https://m.media-amazon.com/images/I/51XpbTL2X0L._AC_SY200_.jpg
https://m.media-amazon.com/images/I/41ZzNaEP7NL._AC_SY200_.jpg
https://m.media-amazon.com/images/I/31UcQai8hQL._AC_SY200_.jpg
https://m.media-amazon.com/images/I/412YV2HW7YL._AC_SY200_.jpg
https://m.media-amazon.com/images/I/51vxklktrVL._AC_SY200_.jpg
https://images-eu.ssl-images-amazon.com/images/G/31/img20/Events/Schoolfromhome/PCQC/Pregnancy_Supplements._SY116_CB667651395_.jpg
https://images-eu.ssl-images-amazon.com/images/G/31/img20/Events/Schoolfromhome/PCQC/Maternity_Sleep__Loungewear._SY116_CB667651395_.jpg
https://images-eu.ssl-images-amazon.com/images/G/31/img20/Events/Schoolfromhome/PCQC/Maternity_pillows._SY116_CB667651395_.jpg
https://images-eu.ssl-images-amazon.com/images/G/31/img20/Events/Schoolfromhome/PCQC/Maternity_Skin_care._SY116_CB667651395_.jpg
https://m.media-amazon.com/images/I/71TLIraRESL._AC_SY145_.jpg
https://m.media-amazon.com/images/I/71thnf-l9sL._AC_SY145_.jpg
https://m.media-amazon.com/images/I/71eUwDk8z+L._AC_SY145_.jpg
https://m.media-amazon.com/images/I/61aWJqoVpPL._AC_SY145_.jpg
https://images-eu.ssl-images-amazon.com/images/G/31/img20/Events/Wedding-Store/btf/For_her-1_1x._SY116_CB653484282_.jpg
https://images-eu.ssl-images-amazon.com/images/G/31/img20/Events/Wedding-Store/btf/For_him-1_1x._SY116_CB653484282_.jpg
https://images-eu.ssl-images-amazon.com/images/G/31/img20/Events/Wedding-Store/btf/Pooja_essentials-1_1x._SY116_CB653484282_.jpg
https://images-eu.ssl-images-amazon.com/images/G/31/img20/Events/Wedding-Store/btf/Explore_more-1_1x._SY116_CB653484282_.jpg
https://images-eu.ssl-images-amazon.com/images/G/31/img22/Baby/cnnjpp1/PC_CC_379x304V1._SY304_CB616418989_.jpg
https://m.media-amazon.com/images/I/61ru8hjf14L._AC_SY200_.jpg
https://m.media-amazon.com/images/I/616V56sidKL._AC_SY200_.jpg
https://m.media-amazon.com/images/I/71HbxPN7tVL._AC_SY200_.jpg
https://m.media-amazon.com/images/I/31HCiWuu+fL._AC_SY200_.jpg
https://m.media-amazon.com/images/I/81Ez++SAlbL._AC_SY200_.jpg
https://m.media-amazon.com/images/I/71Nqqsr+TQL._AC_SY200_.jpg
https://m.media-amazon.com/images/I/61gHo11DYoL._AC_SY200_.jpg
https://m.media-amazon.com/images/I/71aLlZdF5SL._AC_SY200_.jpg
https://m.media-amazon.com/images/I/81ZweLIygcL._AC_SY200_.jpg
https://m.media-amazon.com/images/I/61ls4ZgzPiL._AC_SY200_.jpg
https://m.media-amazon.com/images/I/617B-X-pAeL._AC_SY200_.jpg
https://m.media-amazon.com/images/I/61Rz5CoVbbL._AC_SY200_.jpg
https://m.media-amazon.com/images/I/81iIKG+adOL._AC_SY200_.jpg
https://m.media-amazon.com/images/I/61g5y-wz4sL._AC_SY200_.jpg
https://m.media-amazon.com/images/I/61ENMPM0OvL._AC_SY200_.jpg
https://m.media-amazon.com/images/I/81vc52Mf6IL._AC_SY200_.jpg
https://m.media-amazon.com/images/I/61pDaHPLtyL._AC_SY200_.jpg
https://m.media-amazon.com/images/I/61KHjrvAkqL._AC_SY200_.jpg
https://m.media-amazon.com/images/I/61hpZdqMAZL._AC_SY200_.jpg
https://m.media-amazon.com/images/I/51s7qr0w77L._AC_SY200_.jpg
https://m.media-amazon.com/images/I/81FK+ws6-nL._AC_SY200_.jpg
https://m.media-amazon.com/images/I/51JgkpaRWwL._AC_SY200_.jpg
https://m.media-amazon.com/images/I/71nEtyeviAS._AC_SY200_.jpg
https://m.media-amazon.com/images/I/41H3dDy0d3L._AC_SY200_.jpg
https://m.media-amazon.com/images/I/4155zSi0UUL._AC_SY200_.jpg
https://m.media-amazon.com/images/I/5148CvQfZjL._AC_SY200_.jpg
https://m.media-amazon.com/images/I/71SAFs2OqJL._AC_SY200_.jpg
https://m.media-amazon.com/images/I/71-aaLMQebL._AC_SY200_.jpg
https://m.media-amazon.com/images/I/51EJmCglX8L._AC_SY200_.jpg
https://m.media-amazon.com/images/G/31/personalization/ybh/loading-4x-gray._CB485916689_.gif]]>
  </system-out>
</testsuite> <!-- findelements.Fetch_all_href_src -->
